[2016-03-20 17:16:48] START
[2016-03-20 17:28:42] EDIT COOKRE/controllers/appadmin.py: 2
[2016-03-20 17:28:55] EDIT COOKRE/controllers/appadmin.py: 0
[2016-03-20 17:29:02] EDIT COOKRE/controllers/appadmin.py: 0
[2016-03-20 17:29:13] EDIT COOKRE/controllers/appadmin.py: 0
[2016-03-20 17:29:22] EDIT COOKRE/models/db.py: 3
[2016-03-20 17:31:27] EDIT COOKRE/models/db.py: -2
[2016-03-20 17:32:17] EDIT COOKRE/controllers/default.py: 2
[2016-03-20 17:38:33] EDIT COOKRE/controllers/default.py: -41
[2016-03-20 17:54:26] EDIT COOKRE/controllers/default.py: 1
[2016-03-20 17:55:06] EDIT COOKRE/controllers/default.py: 0
[2016-03-20 17:55:32] EDIT COOKRE/controllers/default.py: 0
[2016-03-22 22:05:52] EDIT COOKRE/views/default/user.html: -1
[2016-03-22 22:09:32] EDIT COOKRE/views/layout.html: 0
[2016-03-22 22:35:58] CREATE bg.jpg: 0
[2016-03-22 22:37:27] EDIT COOKRE/views/default/user.html: 2
[2016-03-22 22:39:56] EDIT COOKRE/views/default/user.html: 0
[2016-03-22 22:39:59] EDIT COOKRE/views/default/user.html: 0
[2016-03-22 22:40:02] EDIT COOKRE/views/default/user.html: 0
[2016-03-22 22:43:13] EDIT COOKRE/views/default/user.html: 0
[2016-03-22 22:43:42] EDIT COOKRE/views/default/user.html: 0
[2016-03-22 22:49:52] EDIT COOKRE/views/default/index.html: -47
[2016-03-22 22:50:55] EDIT COOKRE/views/default/user.html: -1
[2016-03-22 22:54:03] EDIT COOKRE/views/default/index.html: 0
[2016-03-22 22:54:38] EDIT COOKRE/views/default/index.html: 5
[2016-03-22 22:54:59] EDIT COOKRE/views/default/index.html: 0
[2016-03-22 22:56:14] EDIT COOKRE/views/default/index.html: 0
[2016-03-22 22:56:33] EDIT COOKRE/views/default/index.html: 0
[2016-03-22 23:31:45] EDIT COOKRE/views/default/index.html: 0
[2016-03-22 23:32:06] EDIT COOKRE/views/default/index.html: 0
[2016-03-22 23:32:07] EDIT COOKRE/views/default/index.html: 0
[2016-03-22 23:34:36] EDIT COOKRE/views/default/user.html: 5
[2016-03-22 23:35:29] EDIT COOKRE/views/default/user.html: 0
[2016-03-22 23:35:55] EDIT COOKRE/views/default/user.html: 0
[2016-03-22 23:36:22] EDIT COOKRE/views/default/user.html: 0
[2016-03-22 23:37:58] EDIT COOKRE/views/default/user.html: -1
[2016-03-22 23:38:11] EDIT COOKRE/views/default/user.html: 0
[2016-03-22 23:41:41] EDIT COOKRE/views/default/user.html: -1
[2016-03-22 23:42:30] EDIT COOKRE/views/default/user.html: 1
[2016-03-22 23:42:57] EDIT COOKRE/views/layout.html: -13
[2016-03-22 23:43:32] EDIT COOKRE/views/layout.html: -12
[2016-03-22 23:47:59] EDIT COOKRE/models/menu.py: 0
[2016-03-22 23:48:26] EDIT COOKRE/views/layout.html: 0
[2016-03-22 23:48:53] EDIT COOKRE/views/layout.html: 0
[2016-03-22 23:50:03] EDIT COOKRE/views/layout.html: 12
[2016-03-22 23:50:56] EDIT COOKRE/models/menu.py: 0
[2016-03-22 23:52:50] EDIT COOKRE/views/default/user.html: 0
[2016-03-22 23:53:05] EDIT COOKRE/views/default/user.html: 0
[2016-03-22 23:53:23] EDIT COOKRE/views/default/user.html: 0
[2016-03-22 23:57:50] EDIT COOKRE/controllers/default.py: -1
[2016-03-22 23:58:30] EDIT COOKRE/views/default/index.html: -5
[2016-03-23 17:04:42] EDIT COOKRE/controllers/default.py: 1
[2016-03-23 17:41:33] EDIT COOKRE/views/default/user.html: 1
[2016-03-23 17:41:59] EDIT COOKRE/views/default/user.html: 0
[2016-03-23 17:44:59] EDIT COOKRE/views/default/user.html: 0
[2016-03-23 17:45:35] EDIT COOKRE/static/css/web2py.css: 1
[2016-03-23 17:45:51] EDIT COOKRE/static/css/web2py.css: 0
[2016-03-23 17:46:26] EDIT COOKRE/views/default/user.html: 0
[2016-03-23 17:46:38] EDIT COOKRE/views/default/user.html: 0
[2016-03-23 17:47:06] EDIT COOKRE/views/default/user.html: 0
[2016-03-23 17:47:40] EDIT COOKRE/views/default/user.html: 0
[2016-03-23 17:47:46] EDIT COOKRE/views/default/user.html: 0
[2016-03-23 17:48:10] EDIT COOKRE/views/default/user.html: 0
[2016-03-23 17:48:31] EDIT COOKRE/views/default/user.html: 0
[2016-03-23 17:48:47] EDIT COOKRE/views/default/user.html: 0
[2016-03-23 17:48:57] EDIT COOKRE/views/default/user.html: 0
[2016-03-23 17:49:14] EDIT COOKRE/views/default/user.html: 0
[2016-03-23 17:49:30] EDIT COOKRE/views/default/user.html: 0
[2016-03-23 17:49:37] EDIT COOKRE/views/default/user.html: 0
[2016-03-23 17:50:21] EDIT COOKRE/views/default/user.html: 3
[2016-03-23 17:50:26] EDIT COOKRE/views/default/user.html: 0
[2016-03-23 17:50:39] EDIT COOKRE/views/default/user.html: 0
[2016-03-23 17:50:45] EDIT COOKRE/views/default/user.html: 0
[2016-03-23 17:51:08] EDIT COOKRE/views/default/user.html: 0
[2016-03-23 17:53:39] EDIT COOKRE/views/default/user.html: 0
[2016-03-23 17:53:53] EDIT COOKRE/views/default/user.html: 0
[2016-03-23 17:54:08] EDIT COOKRE/views/default/user.html: 0
[2016-03-23 17:54:18] EDIT COOKRE/views/default/user.html: 0
[2016-03-23 17:54:52] EDIT COOKRE/views/default/user.html: 0
[2016-03-23 17:55:13] EDIT COOKRE/views/default/user.html: 0
[2016-03-23 17:55:52] EDIT COOKRE/views/default/user.html: 0
[2016-03-23 17:59:03] EDIT COOKRE/views/default/user.html: 1
[2016-03-23 17:59:21] EDIT COOKRE/views/default/user.html: -1
[2016-03-23 17:59:54] EDIT COOKRE/views/default/user.html: 0
[2016-03-23 18:00:07] EDIT COOKRE/views/default/user.html: 0
[2016-03-23 18:00:15] EDIT COOKRE/views/default/user.html: 0
[2016-03-23 18:00:25] EDIT COOKRE/views/default/user.html: 0
[2016-03-23 18:00:53] EDIT COOKRE/views/default/user.html: 0
[2016-03-23 18:01:16] EDIT COOKRE/views/default/user.html: 0
[2016-03-23 18:02:40] EDIT COOKRE/views/default/user.html: 1
[2016-03-23 18:02:54] EDIT COOKRE/views/default/user.html: 0
[2016-03-23 18:03:10] EDIT COOKRE/views/default/user.html: 0
[2016-03-23 18:03:36] EDIT COOKRE/views/default/user.html: 1
[2016-03-23 18:03:38] EDIT COOKRE/views/default/user.html: 0
[2016-03-23 18:03:51] EDIT COOKRE/views/default/user.html: 1
[2016-03-23 18:04:00] EDIT COOKRE/views/default/user.html: 0
[2016-03-23 18:06:47] EDIT COOKRE/views/default/user.html: 1
[2016-03-23 18:07:02] EDIT COOKRE/views/default/user.html: 0
[2016-03-23 18:07:16] EDIT COOKRE/views/default/user.html: 0
[2016-03-23 18:07:29] EDIT COOKRE/views/default/user.html: 0
[2016-03-23 18:08:23] EDIT COOKRE/views/default/user.html: 4
[2016-03-23 18:08:36] EDIT COOKRE/views/default/user.html: 0
[2016-03-23 18:08:45] EDIT COOKRE/views/default/user.html: 0
[2016-03-23 18:08:55] EDIT COOKRE/views/default/user.html: 0
[2016-03-23 18:09:34] EDIT COOKRE/views/default/user.html: 0
[2016-03-23 18:09:41] EDIT COOKRE/views/default/user.html: 0
[2016-03-23 18:09:52] EDIT COOKRE/views/default/user.html: 0
[2016-03-23 18:10:27] EDIT COOKRE/views/default/user.html: 1
[2016-03-23 18:11:20] EDIT COOKRE/views/default/user.html: 0
[2016-03-23 18:11:22] EDIT COOKRE/views/default/user.html: 0
[2016-03-23 18:12:00] EDIT COOKRE/views/default/user.html: -1
[2016-03-23 18:12:41] EDIT COOKRE/views/default/index.html: -47
[2016-03-23 18:12:53] EDIT COOKRE/views/default/index.html: -1
[2016-03-23 18:37:52] EDIT COOKRE/views/default/user.html: 0
[2016-03-23 19:07:25] EDIT COOKRE/controllers/default.py: 1
[2016-03-25 13:30:33] CREATE friends.py: 0
[2016-03-25 13:30:58] EDIT COOKRE/models/friends.py: 13
[2016-03-25 13:34:53] EDIT COOKRE/controllers/default.py: 17
[2016-03-25 13:36:06] EDIT COOKRE/models/db.py: 0
[2016-03-25 13:36:25] EDIT COOKRE/models/db.py: 0
[2016-03-25 13:37:37] EDIT COOKRE/models/db.py: -2
[2016-03-25 13:38:23] EDIT COOKRE/models/db.py: -1
[2016-03-25 13:38:58] EDIT COOKRE/models/db.py: 0
[2016-03-25 13:45:26] EDIT COOKRE/models/db.py: -26
[2016-03-25 13:47:14] EDIT COOKRE/models/db.py: 27
[2016-03-25 13:48:25] EDIT COOKRE/models/db.py: -1
[2016-03-25 13:50:03] EDIT COOKRE/models/friends.py: -8
[2016-03-25 13:51:13] EDIT COOKRE/models/db.py: -24
[2016-03-25 13:51:28] EDIT COOKRE/models/db.py: 0
[2016-03-25 13:55:35] EDIT COOKRE/models/db.py: -3
[2016-03-25 13:56:45] EDIT COOKRE/models/friends.py: 0
[2016-03-25 13:59:54] EDIT COOKRE/models/friends.py: 0
[2016-03-25 14:01:49] EDIT COOKRE/models/menu.py: 4
[2016-03-25 14:04:25] EDIT COOKRE/controllers/default.py: -5
[2016-03-25 14:05:52] EDIT COOKRE/controllers/default.py: 4
[2016-03-25 14:14:09] EDIT COOKRE/controllers/default.py: 1
[2016-03-25 14:14:49] EDIT COOKRE/controllers/default.py: 0
[2016-03-25 14:15:19] EDIT COOKRE/controllers/default.py: 0
[2016-03-25 14:15:44] EDIT COOKRE/controllers/default.py: 0
[2016-03-25 14:19:59] EDIT COOKRE/controllers/default.py: 0
[2016-03-25 14:21:45] CREATE recipes.py: 0
[2016-03-25 14:22:01] EDIT COOKRE/models/recipes.py: 14
[2016-03-25 14:24:27] EDIT COOKRE/controllers/default.py: 16
[2016-03-25 14:26:06] EDIT COOKRE/controllers/default.py: -16
[2016-03-25 14:37:34] EDIT COOKRE/controllers/default.py: 0
[2016-03-25 14:40:22] EDIT COOKRE/controllers/default.py: 0
[2016-03-25 14:41:30] EDIT COOKRE/controllers/default.py: -1
[2016-03-25 14:42:35] EDIT COOKRE/models/db.py: 0
[2016-03-25 14:44:21] DELETE COOKRE/models/recipes.py: -14
[2016-03-25 14:51:08] EDIT COOKRE/models/friends.py: 1
[2016-03-25 14:52:07] EDIT COOKRE/controllers/default.py: -2
[2016-03-25 14:53:21] EDIT COOKRE/models/friends.py: 1
[2016-03-25 14:53:38] EDIT COOKRE/models/friends.py: 0
[2016-03-25 14:53:56] EDIT COOKRE/models/friends.py: 0
[2016-03-25 14:57:04] EDIT COOKRE/models/friends.py: -1
[2016-03-25 14:57:20] EDIT COOKRE/models/friends.py: 0
[2016-03-25 14:57:39] EDIT COOKRE/models/friends.py: 0
[2016-03-25 14:58:18] EDIT COOKRE/models/friends.py: 0
[2016-03-25 14:58:21] EDIT COOKRE/models/friends.py: 0
[2016-03-25 14:58:48] EDIT COOKRE/models/friends.py: -1
[2016-03-25 14:59:46] EDIT COOKRE/models/friends.py: 0
[2016-03-25 15:01:13] EDIT COOKRE/models/friends.py: -1
[2016-03-25 15:01:50] EDIT COOKRE/models/friends.py: 0
[2016-03-25 15:02:48] EDIT COOKRE/models/friends.py: 1
[2016-03-25 15:02:54] EDIT COOKRE/models/friends.py: 0
[2016-03-25 15:02:55] EDIT COOKRE/models/friends.py: 0
[2016-03-25 15:02:59] EDIT COOKRE/models/friends.py: 0
[2016-03-25 15:03:00] EDIT COOKRE/models/friends.py: 0
[2016-03-25 15:03:01] EDIT COOKRE/models/friends.py: 0
[2016-03-25 15:03:32] EDIT COOKRE/models/friends.py: 0
[2016-03-25 15:05:08] EDIT COOKRE/controllers/default.py: 0
[2016-03-25 15:09:11] EDIT COOKRE/models/friends.py: 5
[2016-03-25 15:13:01] EDIT COOKRE/models/friends.py: 0
[2016-03-25 15:13:02] EDIT COOKRE/models/friends.py: 0
[2016-03-25 15:19:31] EDIT COOKRE/controllers/default.py: 5
[2016-03-25 15:20:17] EDIT COOKRE/models/friends.py: -5
[2016-03-25 15:27:43] EDIT COOKRE/models/friends.py: 1
[2016-03-25 15:29:00] EDIT COOKRE/models/friends.py: 1
[2016-03-25 15:29:58] EDIT COOKRE/models/friends.py: 0
[2016-03-25 15:30:21] EDIT COOKRE/models/friends.py: -1
[2016-03-25 15:31:05] EDIT COOKRE/controllers/default.py: 0
[2016-03-25 15:38:51] EDIT COOKRE/models/friends.py: -2
[2016-03-25 15:39:17] EDIT COOKRE/models/friends.py: 0
[2016-03-25 15:45:03] EDIT COOKRE/models/friends.py: 3
[2016-03-25 15:46:01] EDIT COOKRE/models/friends.py: 0
[2016-03-25 15:48:13] EDIT COOKRE/models/friends.py: 0
[2016-03-25 15:49:12] EDIT COOKRE/models/friends.py: 0
[2016-03-25 15:51:44] EDIT COOKRE/models/friends.py: 0
[2016-03-25 15:51:48] EDIT COOKRE/models/friends.py: 0
[2016-03-25 15:52:48] EDIT COOKRE/models/friends.py: 0
[2016-03-25 16:24:39] EDIT COOKRE/models/friends.py: -1
[2016-03-25 16:25:00] EDIT COOKRE/models/friends.py: 0
[2016-03-25 16:25:06] EDIT COOKRE/models/friends.py: 0
[2016-03-25 16:25:51] EDIT COOKRE/models/friends.py: 0
[2016-03-25 16:30:54] EDIT COOKRE/models/friends.py: 3
[2016-03-25 16:31:18] EDIT COOKRE/models/friends.py: 0
[2016-03-25 16:31:23] EDIT COOKRE/models/friends.py: 0
[2016-03-25 16:31:34] EDIT COOKRE/models/friends.py: 0
[2016-03-25 16:33:16] EDIT COOKRE/models/friends.py: 0
[2016-03-25 16:34:18] EDIT COOKRE/models/friends.py: 0
[2016-03-25 16:34:44] EDIT COOKRE/models/friends.py: -2
[2016-03-25 16:36:56] EDIT COOKRE/controllers/default.py: 10
[2016-03-25 16:37:08] EDIT COOKRE/controllers/default.py: 0
[2016-03-25 16:41:48] EDIT COOKRE/controllers/default.py: 0
[2016-03-25 16:43:29] EDIT COOKRE/controllers/default.py: 0
[2016-03-25 16:44:05] EDIT COOKRE/models/friends.py: 0
[2016-03-25 16:44:19] EDIT COOKRE/controllers/default.py: 0
[2016-03-25 16:45:07] EDIT COOKRE/controllers/default.py: 0
[2016-03-25 16:45:42] EDIT COOKRE/models/friends.py: 0
[2016-03-25 16:47:22] EDIT COOKRE/models/friends.py: 0
[2016-03-25 17:04:36] EDIT COOKRE/controllers/default.py: -10
[2016-03-25 17:04:50] EDIT COOKRE/controllers/default.py: 0
[2016-03-25 17:04:53] EDIT COOKRE/controllers/default.py: 0
[2016-03-25 17:05:17] EDIT COOKRE/controllers/default.py: 0
[2016-03-25 17:05:26] EDIT COOKRE/models/friends.py: 0
[2016-03-25 17:05:59] EDIT COOKRE/controllers/default.py: 0
[2016-03-25 17:06:36] EDIT COOKRE/models/friends.py: 0
[2016-03-25 17:06:50] EDIT COOKRE/controllers/default.py: 0
[2016-03-25 17:07:37] EDIT COOKRE/models/friends.py: 0
[2016-03-25 17:17:26] EDIT COOKRE/models/friends.py: 0
[2016-03-25 17:20:14] EDIT COOKRE/models/friends.py: 0
[2016-03-25 17:21:23] EDIT COOKRE/models/friends.py: -2
[2016-03-25 17:21:46] EDIT COOKRE/controllers/default.py: 0
[2016-03-25 17:22:00] EDIT COOKRE/models/friends.py: 0
[2016-03-25 17:22:19] EDIT COOKRE/models/friends.py: 0
[2016-03-25 17:22:42] EDIT COOKRE/models/friends.py: 0
[2016-03-25 17:25:41] EDIT COOKRE/models/friends.py: 0
[2016-03-25 17:25:52] EDIT COOKRE/models/friends.py: 0
[2016-03-25 17:25:53] EDIT COOKRE/models/friends.py: 0
[2016-03-25 17:25:54] EDIT COOKRE/models/friends.py: 0
[2016-03-25 17:26:02] EDIT COOKRE/models/friends.py: 0
[2016-03-25 17:28:08] EDIT COOKRE/models/friends.py: 1
[2016-03-25 17:30:46] EDIT COOKRE/models/friends.py: 0
[2016-03-25 17:31:13] EDIT COOKRE/models/friends.py: 0
[2016-03-25 17:31:33] EDIT COOKRE/models/friends.py: 0
[2016-03-25 17:32:32] EDIT COOKRE/models/friends.py: 0
[2016-03-25 17:33:19] EDIT COOKRE/models/friends.py: 0
[2016-03-25 17:38:04] EDIT COOKRE/models/friends.py: 1
[2016-03-25 17:38:55] EDIT COOKRE/models/friends.py: -1
[2016-03-25 19:01:35] EDIT COOKRE/models/friends.py: 0
[2016-03-25 19:09:06] EDIT COOKRE/models/friends.py: 0
[2016-03-25 19:09:49] EDIT COOKRE/models/friends.py: 1
[2016-03-25 19:12:25] EDIT COOKRE/models/friends.py: 0
[2016-03-25 19:12:28] EDIT COOKRE/models/friends.py: 0
[2016-03-25 19:12:32] EDIT COOKRE/models/friends.py: 0
[2016-03-25 19:12:35] EDIT COOKRE/models/friends.py: 0
[2016-03-25 19:13:19] EDIT COOKRE/models/friends.py: 0
[2016-03-25 19:15:34] EDIT COOKRE/controllers/default.py: 1
[2016-03-25 19:23:55] EDIT COOKRE/models/friends.py: 0
[2016-03-25 19:24:02] EDIT COOKRE/models/friends.py: 0
[2016-03-25 19:24:03] EDIT COOKRE/models/friends.py: 0
[2016-03-25 19:24:21] EDIT COOKRE/models/friends.py: 0
[2016-03-25 20:06:45] CREATE gluon/sqlhtml.py: 0
[2016-03-25 20:07:06] EDIT COOKRE/views/gluon/sqlhtml.py: 11
[2016-03-25 20:11:38] EDIT COOKRE/models/friends.py: 2
[2016-03-25 20:12:53] EDIT COOKRE/models/friends.py: 0
[2016-03-25 20:13:02] EDIT COOKRE/models/friends.py: 0
[2016-03-25 20:13:26] EDIT COOKRE/models/friends.py: 0
[2016-03-25 20:13:38] EDIT COOKRE/models/friends.py: -1
[2016-03-25 20:21:41] EDIT COOKRE/models/friends.py: -1
[2016-03-25 20:25:41] EDIT COOKRE/models/friends.py: 1
[2016-03-25 20:26:24] EDIT COOKRE/models/friends.py: 1
[2016-03-25 20:27:59] EDIT COOKRE/models/friends.py: -1
[2016-03-25 20:28:35] EDIT COOKRE/models/friends.py: -1
[2016-03-25 20:29:04] EDIT COOKRE/controllers/default.py: 0
[2016-03-25 20:31:21] EDIT COOKRE/models/friends.py: 0
[2016-03-25 20:32:10] EDIT COOKRE/controllers/default.py: 0
[2016-03-25 20:32:52] EDIT COOKRE/models/friends.py: 0
[2016-03-25 20:34:01] EDIT COOKRE/controllers/default.py: 0
[2016-03-25 20:34:46] EDIT COOKRE/controllers/default.py: 0
[2016-03-25 20:39:35] EDIT COOKRE/controllers/default.py: 10
[2016-03-25 20:39:39] EDIT COOKRE/controllers/default.py: 0
[2016-03-25 20:40:59] EDIT COOKRE/controllers/default.py: 0
[2016-03-25 21:00:02] EDIT COOKRE/controllers/default.py: -10
[2016-03-25 21:00:10] EDIT COOKRE/controllers/default.py: 0
[2016-03-25 21:00:26] EDIT COOKRE/controllers/default.py: 0
[2016-03-25 21:00:45] EDIT COOKRE/controllers/default.py: 0
[2016-03-25 21:01:28] EDIT COOKRE/controllers/default.py: -1
[2016-03-25 21:01:33] EDIT COOKRE/controllers/default.py: 0
[2016-03-25 21:02:57] EDIT COOKRE/controllers/default.py: 0
[2016-03-25 21:02:58] EDIT COOKRE/controllers/default.py: 0
[2016-03-25 21:03:50] EDIT COOKRE/controllers/default.py: 0
[2016-03-25 21:05:52] CREATE recipes.html: 0
[2016-03-25 21:05:59] EDIT COOKRE/views/recipes.html: 9
[2016-03-25 21:08:14] CREATE default/recipes.html: 0
[2016-03-25 21:08:18] EDIT COOKRE/views/default/recipes.html: 9
[2016-03-25 21:10:21] EDIT COOKRE/views/default/recipes.html: 0
[2016-03-25 21:11:02] CREATE default/show.html: 0
[2016-03-25 21:11:17] EDIT COOKRE/views/default/show.html: 2
[2016-03-25 21:12:16] EDIT COOKRE/views/default/show.html: 0
[2016-03-25 21:12:57] EDIT COOKRE/views/default/show.html: 0
[2016-03-25 21:13:17] EDIT COOKRE/views/default/show.html: 0
[2016-03-25 21:16:16] EDIT COOKRE/views/default/show.html: 0
[2016-03-25 21:16:26] EDIT COOKRE/views/default/show.html: 0
[2016-03-25 21:55:01] EDIT COOKRE/views/default/recipes.html: 7
[2016-03-25 21:55:49] EDIT COOKRE/views/default/recipes.html: 0
[2016-03-25 21:56:55] EDIT COOKRE/views/default/show.html: 0
[2016-03-25 21:59:02] EDIT COOKRE/views/default/recipes.html: 1
[2016-03-25 21:59:16] EDIT COOKRE/views/default/recipes.html: 0
[2016-03-25 21:59:59] EDIT COOKRE/views/default/recipes.html: 0
[2016-03-25 22:00:06] EDIT COOKRE/views/default/recipes.html: 0
[2016-03-25 22:00:16] EDIT COOKRE/views/default/recipes.html: 0
[2016-03-25 22:02:58] EDIT COOKRE/models/friends.py: 1
[2016-03-25 22:03:47] EDIT COOKRE/views/default/recipes.html: 0
[2016-03-25 22:07:29] EDIT COOKRE/models/friends.py: 0
[2016-03-25 22:10:26] EDIT COOKRE/models/friends.py: 0
[2016-03-25 22:19:05] EDIT COOKRE/models/friends.py: 0
[2016-03-25 22:19:45] EDIT COOKRE/models/friends.py: 0
[2016-03-25 22:21:55] EDIT COOKRE/models/friends.py: 0
[2016-03-25 22:22:20] EDIT COOKRE/models/friends.py: 0
[2016-03-25 22:22:37] EDIT COOKRE/models/friends.py: 0
[2016-03-25 22:22:37] EDIT COOKRE/models/friends.py: 0
[2016-03-25 22:26:37] EDIT COOKRE/models/friends.py: 0
[2016-03-25 22:26:37] EDIT COOKRE/models/friends.py: 0
[2016-03-25 22:26:46] EDIT COOKRE/models/friends.py: 0
[2016-03-25 22:26:58] EDIT COOKRE/models/friends.py: 0
[2016-03-25 22:27:01] EDIT COOKRE/models/friends.py: 0
[2016-03-25 22:27:01] EDIT COOKRE/models/friends.py: 0
[2016-03-25 22:27:51] EDIT COOKRE/models/friends.py: 0
[2016-03-25 22:27:52] EDIT COOKRE/models/friends.py: 0
[2016-03-25 22:28:15] EDIT COOKRE/models/friends.py: 0
[2016-03-25 22:28:15] EDIT COOKRE/models/friends.py: 0
[2016-03-25 22:30:21] EDIT COOKRE/models/friends.py: 0
[2016-03-25 22:31:33] EDIT COOKRE/models/friends.py: 0
[2016-03-25 22:31:57] EDIT COOKRE/models/friends.py: 0
[2016-03-25 22:39:45] EDIT COOKRE/models/friends.py: 0
[2016-03-25 22:48:14] EDIT COOKRE/models/friends.py: 5
[2016-03-25 22:49:22] EDIT COOKRE/models/friends.py: 0
[2016-03-25 22:49:36] EDIT COOKRE/models/friends.py: 0
[2016-03-25 22:49:49] EDIT COOKRE/models/friends.py: -1
[2016-03-25 22:50:54] EDIT COOKRE/models/friends.py: 1
[2016-03-25 22:54:05] EDIT COOKRE/models/friends.py: -4
[2016-03-25 22:54:09] EDIT COOKRE/models/friends.py: 0
[2016-03-25 22:55:21] EDIT COOKRE/controllers/default.py: 1
[2016-03-25 22:56:16] EDIT COOKRE/models/friends.py: 0
[2016-03-25 22:56:38] EDIT COOKRE/models/friends.py: 0
[2016-03-25 22:58:26] EDIT COOKRE/controllers/default.py: 0
[2016-03-25 22:59:35] EDIT COOKRE/controllers/default.py: 1
[2016-03-25 22:59:40] EDIT COOKRE/controllers/default.py: 0
[2016-03-25 22:59:48] EDIT COOKRE/controllers/default.py: 0
[2016-03-25 22:59:50] EDIT COOKRE/controllers/default.py: 0
[2016-03-25 22:59:50] EDIT COOKRE/controllers/default.py: 0
[2016-03-25 22:59:56] EDIT COOKRE/controllers/default.py: 0
[2016-03-25 22:59:56] EDIT COOKRE/controllers/default.py: 0
[2016-03-25 23:00:01] EDIT COOKRE/controllers/default.py: 1
[2016-03-25 23:00:02] EDIT COOKRE/controllers/default.py: 0
[2016-03-25 23:00:05] EDIT COOKRE/controllers/default.py: 0
[2016-03-25 23:02:06] EDIT COOKRE/controllers/default.py: -2
[2016-03-25 23:06:09] EDIT COOKRE/controllers/default.py: -1
[2016-03-25 23:07:46] EDIT COOKRE/models/friends.py: -1
[2016-03-25 23:35:46] EDIT COOKRE/controllers/default.py: 1
[2016-03-25 23:36:11] EDIT COOKRE/controllers/default.py: 1
[2016-03-25 23:36:21] EDIT COOKRE/controllers/default.py: 0
[2016-03-25 23:38:32] EDIT COOKRE/controllers/default.py: -1
[2016-03-25 23:38:33] EDIT COOKRE/controllers/default.py: 0
[2016-03-25 23:38:34] EDIT COOKRE/controllers/default.py: 0
[2016-03-25 23:39:24] CREATE default/home.html: 0
[2016-03-25 23:39:38] EDIT COOKRE/views/default/home.html: 0
[2016-03-25 23:40:05] EDIT COOKRE/views/default/home.html: 0
[2016-03-25 23:42:56] EDIT COOKRE/controllers/default.py: 0
[2016-03-25 23:43:17] EDIT COOKRE/controllers/default.py: 0
[2016-03-25 23:43:40] EDIT COOKRE/controllers/default.py: 0
[2016-03-25 23:44:18] EDIT COOKRE/controllers/default.py: 0
[2016-03-25 23:44:19] EDIT COOKRE/controllers/default.py: 0
[2016-03-25 23:44:54] EDIT COOKRE/models/friends.py: 0
[2016-03-25 23:44:59] EDIT COOKRE/models/friends.py: 0
[2016-03-25 23:45:00] EDIT COOKRE/models/friends.py: 0
[2016-03-25 23:45:00] EDIT COOKRE/models/friends.py: 0
[2016-03-25 23:45:00] EDIT COOKRE/models/friends.py: 0
[2016-03-25 23:45:00] EDIT COOKRE/models/friends.py: 0
[2016-03-25 23:45:01] EDIT COOKRE/models/friends.py: 0
[2016-03-25 23:45:01] EDIT COOKRE/models/friends.py: 0
[2016-03-25 23:45:01] EDIT COOKRE/models/friends.py: 0
[2016-03-25 23:45:08] EDIT COOKRE/models/friends.py: 0
[2016-03-25 23:45:33] EDIT COOKRE/models/friends.py: 0
[2016-03-25 23:45:58] EDIT COOKRE/models/friends.py: 0
[2016-03-25 23:45:58] EDIT COOKRE/models/friends.py: 0
[2016-03-25 23:46:05] EDIT COOKRE/models/friends.py: 0
[2016-03-25 23:46:05] EDIT COOKRE/models/friends.py: 0
[2016-03-25 23:46:12] EDIT COOKRE/models/friends.py: 0
[2016-03-25 23:46:12] EDIT COOKRE/models/friends.py: 0
[2016-03-25 23:47:15] EDIT COOKRE/models/friends.py: -1
[2016-03-25 23:47:16] EDIT COOKRE/models/friends.py: 0
[2016-03-25 23:49:24] EDIT COOKRE/models/menu.py: -92
[2016-03-25 23:50:00] EDIT COOKRE/models/menu.py: 0
[2016-03-25 23:50:01] EDIT COOKRE/models/menu.py: 0
[2016-03-25 23:50:18] EDIT COOKRE/models/menu.py: 0
[2016-03-25 23:50:27] EDIT COOKRE/models/menu.py: 0
[2016-03-25 23:50:30] EDIT COOKRE/models/menu.py: 0
[2016-03-25 23:50:31] EDIT COOKRE/models/menu.py: 0
[2016-03-26 00:22:35] EDIT COOKRE/models/friends.py: 1
[2016-03-26 00:23:00] EDIT COOKRE/views/default/recipes.html: 0
[2016-03-26 00:23:50] EDIT COOKRE/controllers/default.py: 0
[2016-03-26 00:23:59] EDIT COOKRE/models/friends.py: 0
[2016-03-26 00:24:09] EDIT COOKRE/models/friends.py: 0
[2016-03-26 00:24:23] EDIT COOKRE/models/friends.py: 0
[2016-03-26 00:25:26] EDIT COOKRE/controllers/default.py: 0
[2016-03-26 00:25:38] EDIT COOKRE/controllers/default.py: 0
[2016-03-26 00:25:52] EDIT COOKRE/controllers/default.py: 0
[2016-03-26 00:28:50] EDIT COOKRE/controllers/default.py: 0
[2016-03-26 00:29:00] EDIT COOKRE/controllers/default.py: 0
[2016-03-26 00:30:14] EDIT COOKRE/models/friends.py: 0
[2016-03-26 00:41:12] EDIT COOKRE/views/default/recipes.html: 1
[2016-03-26 00:49:00] EDIT COOKRE/views/default/recipes.html: -1
[2016-03-26 00:51:09] EDIT COOKRE/views/default/recipes.html: 0
[2016-03-26 00:54:47] EDIT COOKRE/models/friends.py: 0
[2016-03-26 00:56:21] EDIT COOKRE/models/friends.py: 0
[2016-03-26 00:56:54] EDIT COOKRE/views/default/recipes.html: 0
[2016-03-26 00:59:53] EDIT COOKRE/controllers/default.py: -1
[2016-03-26 01:00:08] EDIT COOKRE/controllers/default.py: 1
[2016-03-26 01:01:13] EDIT COOKRE/controllers/default.py: 1
[2016-03-26 01:01:37] EDIT COOKRE/models/friends.py: 0
[2016-03-26 01:02:17] EDIT COOKRE/models/friends.py: 0
[2016-03-26 01:02:58] EDIT COOKRE/models/friends.py: 0
[2016-03-26 01:03:10] EDIT COOKRE/models/friends.py: 0
[2016-03-26 01:03:40] EDIT COOKRE/models/friends.py: 0
[2016-03-26 01:03:48] EDIT COOKRE/models/friends.py: 0
[2016-03-26 01:03:55] EDIT COOKRE/models/friends.py: 0
[2016-03-26 01:04:15] EDIT COOKRE/models/friends.py: 0
[2016-03-26 01:04:50] EDIT COOKRE/models/friends.py: 0
[2016-03-26 01:05:40] EDIT COOKRE/models/friends.py: 0
[2016-03-26 01:09:06] EDIT COOKRE/views/default/recipes.html: 0
[2016-03-26 01:11:09] EDIT COOKRE/views/default/recipes.html: 0
[2016-03-26 01:11:35] EDIT COOKRE/models/friends.py: 0
[2016-03-26 01:11:43] EDIT COOKRE/models/friends.py: 0
[2016-03-26 01:15:54] EDIT COOKRE/models/friends.py: 0
[2016-03-26 01:16:15] EDIT COOKRE/models/friends.py: 0
[2016-03-26 01:16:30] EDIT COOKRE/models/friends.py: 0
[2016-03-26 01:16:53] EDIT COOKRE/models/friends.py: 0
[2016-03-26 01:18:31] EDIT COOKRE/models/friends.py: 0
[2016-03-26 01:18:45] EDIT COOKRE/models/friends.py: 0
[2016-03-26 01:22:19] EDIT COOKRE/models/friends.py: 0
[2016-03-26 01:22:48] EDIT COOKRE/models/friends.py: 0
[2016-03-26 01:23:25] EDIT COOKRE/models/friends.py: 0
[2016-03-26 01:38:21] EDIT COOKRE/models/friends.py: 0
[2016-03-26 01:39:02] EDIT COOKRE/views/default/recipes.html: 0
[2016-03-26 01:40:39] EDIT COOKRE/models/friends.py: 1
[2016-03-26 01:41:47] EDIT COOKRE/models/friends.py: 0
[2016-03-26 01:42:19] EDIT COOKRE/models/friends.py: 0
[2016-03-26 01:43:10] EDIT COOKRE/controllers/default.py: 0
[2016-03-26 01:44:01] EDIT COOKRE/models/friends.py: 0
[2016-03-26 01:44:12] EDIT COOKRE/models/friends.py: 0
[2016-03-26 01:44:24] EDIT COOKRE/models/friends.py: 0
[2016-03-26 01:44:53] EDIT COOKRE/models/friends.py: 0
[2016-03-26 01:45:09] EDIT COOKRE/models/friends.py: 0
[2016-03-26 01:45:36] EDIT COOKRE/models/friends.py: 0
[2016-03-26 01:47:16] EDIT COOKRE/models/friends.py: 0
[2016-03-26 01:47:28] EDIT COOKRE/models/friends.py: 0
[2016-03-26 01:54:08] EDIT COOKRE/models/friends.py: 0
[2016-03-26 01:54:19] EDIT COOKRE/models/friends.py: 0
[2016-03-26 01:54:20] EDIT COOKRE/models/friends.py: 0
[2016-03-26 01:54:49] EDIT COOKRE/models/friends.py: 0
[2016-03-26 01:57:23] EDIT COOKRE/models/friends.py: 0
[2016-03-26 02:03:03] EDIT COOKRE/models/friends.py: 0
[2016-03-26 02:04:59] EDIT COOKRE/models/friends.py: 0
[2016-03-26 02:05:31] EDIT COOKRE/models/friends.py: 0
[2016-03-26 02:06:29] EDIT COOKRE/views/default/recipes.html: 0
[2016-03-26 02:07:38] EDIT COOKRE/models/friends.py: -1
[2016-03-26 02:08:03] EDIT COOKRE/models/friends.py: 0
[2016-03-26 02:08:37] EDIT COOKRE/models/friends.py: -1
[2016-03-26 02:11:03] EDIT COOKRE/views/default/recipes.html: 0
[2016-03-26 02:16:24] EDIT COOKRE/views/default/recipes.html: 0
[2016-03-26 02:18:01] EDIT COOKRE/views/default/recipes.html: 2
[2016-03-26 02:18:16] EDIT COOKRE/views/default/recipes.html: 1
[2016-03-26 02:18:49] EDIT COOKRE/views/default/recipes.html: 1
[2016-03-26 02:19:25] EDIT COOKRE/views/default/recipes.html: 0
[2016-03-26 02:20:11] EDIT COOKRE/views/default/recipes.html: 3
[2016-03-26 02:21:51] EDIT COOKRE/views/default/recipes.html: 0
[2016-03-26 02:22:20] EDIT COOKRE/views/default/recipes.html: 1
[2016-03-26 02:23:29] EDIT COOKRE/views/default/recipes.html: 0
[2016-03-26 02:24:24] EDIT COOKRE/views/default/recipes.html: 0
[2016-03-26 02:25:15] EDIT COOKRE/views/default/recipes.html: 0
[2016-03-26 02:26:09] EDIT COOKRE/views/default/recipes.html: 0
[2016-03-26 02:26:50] EDIT COOKRE/views/default/recipes.html: 5
[2016-03-26 02:27:14] EDIT COOKRE/views/default/recipes.html: 0
[2016-03-26 02:27:44] EDIT COOKRE/views/default/recipes.html: 0
[2016-03-26 02:28:46] EDIT COOKRE/views/default/recipes.html: 0
[2016-03-26 02:32:44] EDIT COOKRE/views/default/recipes.html: 7
[2016-03-26 02:33:57] EDIT COOKRE/views/default/recipes.html: 4
[2016-03-26 02:35:25] EDIT COOKRE/models/friends.py: 0
[2016-03-26 02:35:55] EDIT COOKRE/controllers/default.py: 0
[2016-03-26 02:37:11] EDIT COOKRE/views/default/recipes.html: 1
[2016-03-26 02:37:29] EDIT COOKRE/views/default/recipes.html: 1
[2016-03-26 02:37:43] EDIT COOKRE/views/default/recipes.html: 0
[2016-03-26 02:40:56] EDIT COOKRE/views/default/show.html: 2
[2016-03-26 02:41:34] EDIT COOKRE/views/default/show.html: 1
[2016-03-26 02:53:34] EDIT COOKRE/controllers/default.py: -14
[2016-03-26 02:54:45] CREATE default/wall.html: 0
[2016-03-26 02:55:35] EDIT COOKRE/views/default/wall.html: 45
[2016-03-26 02:56:14] EDIT COOKRE/controllers/default.py: 0
[2016-03-26 02:57:17] EDIT COOKRE/controllers/default.py: 0
[2016-03-26 02:59:26] EDIT COOKRE/views/default/wall.html: -1
[2016-03-26 03:06:53] EDIT COOKRE/controllers/default.py: 0
[2016-03-26 03:07:43] EDIT COOKRE/views/default/wall.html: -1
[2016-03-26 03:08:53] EDIT COOKRE/views/default/wall.html: 0
[2016-03-26 03:09:41] EDIT COOKRE/views/default/wall.html: -1
[2016-03-26 03:10:26] EDIT COOKRE/views/default/wall.html: 0
[2016-03-26 03:11:45] EDIT COOKRE/views/default/wall.html: -8
[2016-03-26 03:14:34] EDIT COOKRE/views/default/wall.html: 0
[2016-03-26 03:14:38] EDIT COOKRE/views/default/wall.html: 0
[2016-03-26 03:14:45] EDIT COOKRE/views/default/wall.html: 0
[2016-03-26 03:15:09] EDIT COOKRE/views/default/wall.html: 0
[2016-03-26 03:22:34] EDIT COOKRE/controllers/default.py: 0
[2016-03-26 03:25:04] EDIT COOKRE/controllers/default.py: 0
[2016-03-26 03:26:50] EDIT COOKRE/views/default/wall.html: 0
[2016-03-26 03:27:47] EDIT COOKRE/views/default/wall.html: -1
[2016-03-26 03:29:49] EDIT COOKRE/views/default/wall.html: -1
[2016-03-26 03:30:25] EDIT COOKRE/views/default/wall.html: 0
[2016-03-26 03:31:47] EDIT COOKRE/controllers/default.py: 0
[2016-03-26 03:32:09] EDIT COOKRE/views/default/wall.html: 0
[2016-03-26 03:33:18] EDIT COOKRE/controllers/default.py: 0
[2016-03-26 03:33:59] EDIT COOKRE/views/default/wall.html: 0
[2016-03-26 03:34:07] EDIT COOKRE/views/default/wall.html: 0
[2016-03-26 03:34:51] EDIT COOKRE/controllers/default.py: 0
[2016-03-26 03:35:04] EDIT COOKRE/views/default/wall.html: 0
[2016-03-26 03:40:26] EDIT COOKRE/models/menu.py: 0
[2016-03-26 03:43:12] EDIT COOKRE/models/friends.py: -1
[2016-03-26 03:44:30] EDIT COOKRE/views/default/index.html: 3
[2016-03-26 03:47:56] EDIT COOKRE/controllers/default.py: 0
[2016-03-26 04:04:54] EDIT COOKRE/models/friends.py: 2
[2016-03-26 04:05:22] EDIT COOKRE/models/friends.py: 0
[2016-03-26 04:05:39] EDIT COOKRE/models/friends.py: 0
[2016-03-26 04:06:58] EDIT COOKRE/views/default/recipes.html: 0
[2016-03-26 04:08:00] EDIT COOKRE/views/default/recipes.html: 0
[2016-03-26 04:10:11] EDIT COOKRE/views/default/recipes.html: 0
[2016-03-26 04:16:46] EDIT COOKRE/controllers/default.py: 7
[2016-03-26 04:16:55] EDIT COOKRE/controllers/default.py: 0
[2016-03-26 04:22:30] EDIT COOKRE/views/default/recipes.html: 2
[2016-03-26 04:24:50] EDIT COOKRE/views/default/recipes.html: 0
[2016-03-26 04:25:07] EDIT COOKRE/views/default/recipes.html: 0
[2016-03-26 04:26:19] EDIT COOKRE/views/default/recipes.html: 0
[2016-03-26 04:26:53] EDIT COOKRE/views/default/recipes.html: 0
[2016-03-26 04:26:55] EDIT COOKRE/views/default/recipes.html: 0
[2016-03-26 04:27:12] EDIT COOKRE/views/default/recipes.html: 0
[2016-03-26 04:27:32] EDIT COOKRE/views/default/recipes.html: 0
[2016-03-26 04:28:44] EDIT COOKRE/views/default/recipes.html: 0
[2016-03-26 04:29:38] EDIT COOKRE/views/default/recipes.html: 0
[2016-03-26 04:29:42] EDIT COOKRE/views/default/recipes.html: 0
[2016-03-26 04:33:13] EDIT COOKRE/views/default/recipes.html: 0
[2016-03-26 04:37:08] EDIT COOKRE/views/default/recipes.html: 0
[2016-03-26 04:37:53] EDIT COOKRE/views/default/recipes.html: 0
[2016-03-26 14:23:51] EDIT COOKRE/views/default/recipes.html: 0
[2016-03-26 14:24:02] EDIT COOKRE/views/default/recipes.html: 0
[2016-03-26 14:24:16] EDIT COOKRE/views/default/recipes.html: 0
[2016-03-26 14:24:28] EDIT COOKRE/views/default/recipes.html: 0
[2016-03-26 14:47:47] EDIT COOKRE/views/default/recipes.html: 2
[2016-03-26 14:51:12] EDIT COOKRE/views/default/recipes.html: 0
[2016-03-26 14:51:59] EDIT COOKRE/views/default/recipes.html: 0
[2016-03-26 14:53:58] EDIT COOKRE/views/default/recipes.html: -2
[2016-03-26 14:54:52] EDIT COOKRE/views/default/recipes.html: -2
[2016-03-26 14:57:54] EDIT COOKRE/models/friends.py: 5
[2016-03-26 14:58:00] EDIT COOKRE/models/friends.py: 0
[2016-03-26 14:58:05] EDIT COOKRE/models/friends.py: -1
[2016-03-26 14:58:06] EDIT COOKRE/models/friends.py: 0
[2016-03-26 14:58:09] EDIT COOKRE/models/friends.py: 1
[2016-03-26 15:02:46] EDIT COOKRE/controllers/default.py: 4
[2016-03-26 15:03:12] EDIT COOKRE/controllers/default.py: 0
[2016-03-26 15:03:18] EDIT COOKRE/controllers/default.py: 0
[2016-03-26 15:03:22] EDIT COOKRE/controllers/default.py: 0
[2016-03-26 15:03:22] EDIT COOKRE/controllers/default.py: 0
[2016-03-26 15:03:28] EDIT COOKRE/controllers/default.py: 0
[2016-03-26 15:03:31] EDIT COOKRE/controllers/default.py: 0
[2016-03-26 15:04:18] EDIT COOKRE/controllers/default.py: -4
[2016-03-26 15:04:42] EDIT COOKRE/controllers/default.py: 0
[2016-03-26 15:05:06] EDIT COOKRE/controllers/default.py: 0
[2016-03-26 15:05:29] EDIT COOKRE/controllers/default.py: 0
[2016-03-26 15:06:31] EDIT COOKRE/models/friends.py: 0
[2016-03-26 15:06:52] EDIT COOKRE/models/friends.py: 0
[2016-03-26 15:13:38] EDIT COOKRE/models/friends.py: 0
[2016-03-26 15:15:10] EDIT COOKRE/views/default/recipes.html: 2
[2016-03-26 15:15:30] EDIT COOKRE/views/default/recipes.html: 0
[2016-03-26 15:16:22] EDIT COOKRE/models/friends.py: 0
[2016-03-26 15:16:32] EDIT COOKRE/models/friends.py: 0
[2016-03-26 15:16:48] EDIT COOKRE/models/friends.py: 0
[2016-03-26 15:19:15] EDIT COOKRE/models/friends.py: 0
[2016-03-26 15:19:25] EDIT COOKRE/models/friends.py: 0
[2016-03-26 15:21:19] EDIT COOKRE/controllers/default.py: 1
[2016-03-26 15:24:10] EDIT COOKRE/views/default/recipes.html: 1
[2016-03-26 15:24:55] CREATE saas.html: 0
[2016-03-26 15:25:16] EDIT COOKRE/views/default/recipes.html: 0
[2016-03-26 15:26:38] EDIT COOKRE/models/friends.py: 0
[2016-03-26 15:26:47] EDIT COOKRE/models/friends.py: 0
[2016-03-26 15:27:02] EDIT COOKRE/models/friends.py: 0
[2016-03-26 15:27:20] EDIT COOKRE/controllers/default.py: 0
[2016-03-26 15:27:29] EDIT COOKRE/views/default/recipes.html: 0
[2016-03-26 15:30:26] EDIT COOKRE/views/default/recipes.html: 1
[2016-03-26 15:30:38] EDIT COOKRE/views/default/recipes.html: 0
[2016-03-26 15:31:24] EDIT COOKRE/models/friends.py: 0
[2016-03-26 15:34:26] EDIT COOKRE/models/friends.py: 0
[2016-03-26 15:37:14] EDIT COOKRE/views/default/recipes.html: -1
[2016-03-26 15:37:31] EDIT COOKRE/views/default/recipes.html: 0
[2016-03-26 15:38:02] EDIT COOKRE/views/default/recipes.html: 0
[2016-03-26 15:38:59] EDIT COOKRE/views/default/recipes.html: 0
[2016-03-26 15:39:15] EDIT COOKRE/views/default/recipes.html: 0
[2016-03-26 15:39:42] EDIT COOKRE/views/default/recipes.html: 0
[2016-03-26 15:44:33] EDIT COOKRE/controllers/default.py: 0
[2016-03-26 15:46:14] EDIT COOKRE/models/friends.py: -1
[2016-03-26 15:46:41] EDIT COOKRE/models/friends.py: 0
[2016-03-26 15:50:07] EDIT COOKRE/models/friends.py: 0
[2016-03-26 15:50:17] EDIT COOKRE/models/friends.py: 0
[2016-03-26 15:50:48] EDIT COOKRE/controllers/default.py: -2
[2016-03-26 15:50:50] EDIT COOKRE/controllers/default.py: 0
[2016-03-26 15:50:59] EDIT COOKRE/controllers/default.py: -1
[2016-03-26 15:51:04] EDIT COOKRE/controllers/default.py: 0
[2016-03-26 15:51:05] EDIT COOKRE/controllers/default.py: 0
[2016-03-26 15:51:32] EDIT COOKRE/controllers/default.py: 0
[2016-03-26 15:51:33] EDIT COOKRE/controllers/default.py: 0
[2016-03-26 15:51:35] EDIT COOKRE/controllers/default.py: 0
[2016-03-26 15:51:43] EDIT COOKRE/controllers/default.py: 0
[2016-03-26 15:52:13] EDIT COOKRE/controllers/default.py: 1
[2016-03-26 15:52:19] EDIT COOKRE/controllers/default.py: 0
[2016-03-26 15:52:27] EDIT COOKRE/controllers/default.py: -3
[2016-03-26 15:52:28] EDIT COOKRE/controllers/default.py: 0
[2016-03-26 15:53:42] EDIT COOKRE/controllers/default.py: 0
[2016-03-26 16:02:50] EDIT COOKRE/controllers/default.py: 7
[2016-03-26 16:03:11] EDIT COOKRE/controllers/default.py: 2
[2016-03-26 16:03:12] EDIT COOKRE/controllers/default.py: 0
[2016-03-26 16:03:27] EDIT COOKRE/controllers/default.py: 0
[2016-03-26 16:04:03] EDIT COOKRE/controllers/default.py: 0
[2016-03-26 16:04:04] EDIT COOKRE/controllers/default.py: 0
[2016-03-26 16:04:20] EDIT COOKRE/controllers/default.py: 0
[2016-03-26 16:05:05] EDIT COOKRE/controllers/default.py: 0
[2016-03-26 16:09:02] EDIT COOKRE/controllers/default.py: 0
[2016-03-26 16:09:09] EDIT COOKRE/controllers/default.py: 1
[2016-03-26 16:09:14] EDIT COOKRE/controllers/default.py: 0
[2016-03-26 16:09:16] EDIT COOKRE/controllers/default.py: 0
[2016-03-26 16:09:17] EDIT COOKRE/controllers/default.py: 0
[2016-03-26 16:09:18] EDIT COOKRE/controllers/default.py: 0
[2016-03-26 16:09:31] EDIT COOKRE/controllers/default.py: -1
[2016-03-26 16:09:33] EDIT COOKRE/controllers/default.py: 0
[2016-03-26 16:09:35] EDIT COOKRE/controllers/default.py: 0
[2016-03-26 16:13:46] EDIT COOKRE/views/default/wall.html: 0
[2016-03-26 16:33:22] EDIT COOKRE/models/db.py: 1
[2016-03-26 16:34:03] EDIT COOKRE/models/menu.py: 1
[2016-03-26 16:35:02] EDIT COOKRE/models/db.py: 0
[2016-03-26 16:35:25] EDIT COOKRE/models/db.py: -1
[2016-03-26 16:36:33] EDIT COOKRE/models/menu.py: -1
[2016-03-26 16:43:29] EDIT COOKRE/controllers/default.py: 2
[2016-03-26 16:43:43] EDIT COOKRE/controllers/default.py: 0
[2016-03-26 16:44:49] EDIT COOKRE/controllers/default.py: 0
[2016-03-26 16:45:38] EDIT COOKRE/controllers/default.py: 1
[2016-03-26 16:55:26] EDIT COOKRE/controllers/appadmin.py: 1
[2016-03-26 16:55:49] EDIT COOKRE/controllers/appadmin.py: 0
[2016-03-26 16:56:53] EDIT COOKRE/controllers/appadmin.py: 0
[2016-03-26 16:57:09] EDIT COOKRE/controllers/appadmin.py: 0
[2016-03-26 16:59:54] EDIT COOKRE/controllers/default.py: 0
[2016-03-26 17:01:57] EDIT COOKRE/controllers/default.py: 0
[2016-03-26 17:02:15] EDIT COOKRE/controllers/default.py: 0
[2016-03-26 17:02:53] EDIT COOKRE/controllers/default.py: 0
[2016-03-26 17:04:15] EDIT COOKRE/controllers/default.py: 0
[2016-03-26 17:05:32] EDIT COOKRE/controllers/default.py: 0
[2016-03-26 17:18:41] EDIT COOKRE/models/menu.py: 14
[2016-03-26 17:18:55] EDIT COOKRE/models/menu.py: 0
[2016-03-26 17:19:11] EDIT COOKRE/models/menu.py: 0
[2016-03-26 17:19:13] EDIT COOKRE/models/menu.py: 0
[2016-03-26 17:19:16] EDIT COOKRE/models/menu.py: 0
[2016-03-26 17:21:02] EDIT COOKRE/models/menu.py: -14
[2016-03-26 17:23:23] EDIT COOKRE/models/menu.py: 4
[2016-03-26 17:23:28] EDIT COOKRE/models/menu.py: 0
[2016-03-26 17:25:11] EDIT COOKRE/models/menu.py: 0
[2016-03-26 17:28:33] EDIT COOKRE/models/menu.py: 0
[2016-03-26 17:34:13] EDIT COOKRE/models/menu.py: 0
[2016-03-26 18:02:21] EDIT COOKRE/views/default/recipes.html: 1
[2016-03-26 18:02:44] EDIT COOKRE/views/default/recipes.html: 0
[2016-03-26 18:03:17] EDIT COOKRE/views/default/recipes.html: -1
[2016-03-26 18:21:04] EDIT COOKRE/views/default/recipes.html: 2
[2016-03-26 18:31:18] EDIT COOKRE/views/default/recipes.html: 0
[2016-03-26 18:34:06] EDIT COOKRE/views/default/recipes.html: 0
[2016-03-26 18:35:17] EDIT COOKRE/views/default/recipes.html: 0
[2016-03-26 18:35:24] EDIT COOKRE/views/default/recipes.html: 0
[2016-03-26 18:36:05] EDIT COOKRE/views/default/recipes.html: 0
[2016-03-26 18:36:27] EDIT COOKRE/views/default/recipes.html: 0
[2016-03-26 18:37:06] EDIT COOKRE/views/default/recipes.html: 0
[2016-03-26 18:38:02] EDIT COOKRE/views/default/recipes.html: 0
[2016-03-26 18:39:37] EDIT COOKRE/views/default/recipes.html: 0
[2016-03-26 18:40:51] EDIT COOKRE/views/default/recipes.html: 0
[2016-03-26 18:41:43] EDIT COOKRE/views/default/recipes.html: 0
[2016-03-26 18:51:04] EDIT COOKRE/controllers/appadmin.py: -1
[2016-03-26 18:52:26] EDIT COOKRE/views/default/recipes.html: 0
[2016-03-26 18:52:48] EDIT COOKRE/views/default/recipes.html: 0
[2016-03-26 18:53:56] EDIT COOKRE/views/default/recipes.html: 0
[2016-03-26 18:55:44] EDIT COOKRE/views/default/recipes.html: 0
[2016-03-26 18:56:19] EDIT COOKRE/views/default/recipes.html: 0
[2016-03-26 19:09:17] EDIT COOKRE/controllers/default.py: 6
[2016-03-26 19:14:17] EDIT COOKRE/views/default/recipes.html: 1
[2016-03-26 19:14:54] EDIT COOKRE/views/default/wall.html: 3
[2016-03-26 19:15:31] EDIT COOKRE/views/default/wall.html: -1
[2016-03-26 19:16:36] EDIT COOKRE/views/default/wall.html: -1
[2016-03-26 19:18:12] EDIT COOKRE/views/default/wall.html: -1
[2016-03-26 19:18:38] EDIT COOKRE/views/default/wall.html: 2
[2016-03-26 19:25:49] EDIT COOKRE/controllers/default.py: 0
[2016-03-27 10:15:28] EDIT COOKRE/models/menu.py: 0
[2016-03-27 10:20:45] EDIT COOKRE/controllers/default.py: 0
[2016-03-27 10:23:31] EDIT COOKRE/models/friends.py: 0
[2016-03-27 10:23:45] EDIT COOKRE/models/friends.py: 0
[2016-03-27 10:24:00] EDIT COOKRE/models/friends.py: 0
[2016-03-27 10:24:15] EDIT COOKRE/models/friends.py: 0
[2016-03-27 10:26:40] EDIT COOKRE/models/friends.py: 0
[2016-03-27 10:35:49] EDIT COOKRE/models/friends.py: 0
[2016-03-27 10:36:21] EDIT COOKRE/models/friends.py: 0
[2016-03-27 10:37:23] EDIT COOKRE/models/friends.py: 0
[2016-03-27 10:38:16] EDIT COOKRE/models/friends.py: 0
[2016-03-27 10:38:44] EDIT COOKRE/models/friends.py: 0
[2016-03-27 10:38:55] EDIT COOKRE/models/friends.py: 0
[2016-03-27 10:39:44] EDIT COOKRE/models/friends.py: 0
[2016-03-27 10:41:11] EDIT COOKRE/models/friends.py: 0
[2016-03-27 10:43:44] EDIT COOKRE/models/friends.py: 0
[2016-03-27 10:44:17] EDIT COOKRE/models/friends.py: 0
[2016-03-27 10:44:48] EDIT COOKRE/models/friends.py: 0
[2016-03-27 10:45:30] EDIT COOKRE/models/friends.py: 0
[2016-03-27 10:45:55] EDIT COOKRE/models/friends.py: 0
[2016-03-27 10:46:05] EDIT COOKRE/models/friends.py: 0
[2016-03-27 10:46:23] EDIT COOKRE/models/friends.py: 0
[2016-03-27 10:47:03] EDIT COOKRE/models/friends.py: 0
[2016-03-27 10:47:27] EDIT COOKRE/models/friends.py: 0
[2016-03-27 11:52:42] EDIT COOKRE/models/friends.py: 0
[2016-03-27 11:53:26] EDIT COOKRE/models/friends.py: 0
[2016-03-27 11:53:35] EDIT COOKRE/models/friends.py: 0
[2016-03-27 11:53:45] EDIT COOKRE/models/friends.py: 0
[2016-03-27 11:53:53] EDIT COOKRE/models/friends.py: 0
[2016-03-27 11:55:45] EDIT COOKRE/models/friends.py: 0
[2016-03-27 11:59:00] EDIT COOKRE/models/friends.py: 0
[2016-03-27 11:59:36] EDIT COOKRE/models/friends.py: 0
[2016-03-27 12:00:16] EDIT COOKRE/models/friends.py: 0
[2016-03-27 12:00:40] EDIT COOKRE/models/friends.py: 0
[2016-03-27 12:05:42] EDIT COOKRE/models/friends.py: 0
[2016-03-27 12:05:51] EDIT COOKRE/models/friends.py: 0
[2016-03-27 12:06:07] EDIT COOKRE/models/friends.py: 0
[2016-03-27 12:06:23] EDIT COOKRE/models/friends.py: 0
[2016-03-27 12:06:33] EDIT COOKRE/models/friends.py: 0
[2016-03-27 12:11:35] EDIT COOKRE/models/friends.py: 0
[2016-03-27 12:14:15] EDIT COOKRE/models/friends.py: 0
[2016-03-27 12:14:22] EDIT COOKRE/models/friends.py: 0
[2016-03-27 12:16:31] EDIT COOKRE/models/friends.py: 0
[2016-03-27 12:16:43] EDIT COOKRE/models/friends.py: 0
[2016-03-27 12:16:58] EDIT COOKRE/models/friends.py: 0
[2016-03-27 12:17:53] EDIT COOKRE/models/friends.py: 0
[2016-03-27 12:18:12] EDIT COOKRE/models/friends.py: 0
[2016-03-27 12:18:29] EDIT COOKRE/models/friends.py: 0
[2016-03-27 12:18:57] EDIT COOKRE/models/friends.py: 0
[2016-03-27 12:19:16] EDIT COOKRE/models/friends.py: 0
[2016-03-27 12:19:33] EDIT COOKRE/models/friends.py: 0
[2016-03-27 12:21:01] EDIT COOKRE/models/friends.py: 0
[2016-03-27 12:23:29] EDIT COOKRE/models/friends.py: 0
[2016-03-27 12:23:57] EDIT COOKRE/models/friends.py: 0
[2016-03-27 12:24:38] EDIT COOKRE/models/friends.py: 1
[2016-03-27 12:25:54] EDIT COOKRE/models/friends.py: -1
[2016-03-27 12:26:33] EDIT COOKRE/models/friends.py: 0
[2016-03-27 12:26:41] EDIT COOKRE/models/friends.py: 0
[2016-03-27 12:28:59] EDIT COOKRE/models/friends.py: 0
[2016-03-27 12:29:09] EDIT COOKRE/models/friends.py: 0
[2016-03-27 12:29:34] EDIT COOKRE/models/friends.py: 0
[2016-03-27 12:29:48] EDIT COOKRE/models/friends.py: 0
[2016-03-27 12:29:58] EDIT COOKRE/models/friends.py: 0
[2016-03-27 12:30:07] EDIT COOKRE/models/friends.py: 0
[2016-03-27 12:32:51] EDIT COOKRE/models/friends.py: 0
[2016-03-27 12:34:45] EDIT COOKRE/models/friends.py: 0
[2016-03-27 12:35:24] EDIT COOKRE/models/friends.py: 0
[2016-03-27 12:35:29] EDIT COOKRE/models/friends.py: 0
[2016-03-27 12:35:37] EDIT COOKRE/models/friends.py: 0
[2016-03-27 12:35:48] EDIT COOKRE/models/friends.py: 0
[2016-03-27 12:35:59] EDIT COOKRE/models/friends.py: 0
[2016-03-27 12:36:09] EDIT COOKRE/models/friends.py: 0
[2016-03-27 12:36:17] EDIT COOKRE/models/friends.py: 0
[2016-03-27 12:36:19] EDIT COOKRE/models/friends.py: 0
[2016-03-27 12:37:27] EDIT COOKRE/models/friends.py: 0
[2016-03-27 12:37:42] EDIT COOKRE/models/friends.py: 0
[2016-03-27 12:38:58] EDIT COOKRE/models/friends.py: 0
[2016-03-27 12:39:36] EDIT COOKRE/models/friends.py: 0
[2016-03-27 12:40:25] EDIT COOKRE/models/friends.py: 0
[2016-03-27 12:47:19] EDIT COOKRE/models/friends.py: 0
[2016-03-27 12:47:21] EDIT COOKRE/models/friends.py: 0
[2016-03-27 12:47:25] EDIT COOKRE/models/friends.py: 0
[2016-03-27 12:48:32] EDIT COOKRE/models/friends.py: 0
[2016-03-27 12:48:59] EDIT COOKRE/models/friends.py: 0
[2016-03-27 12:50:34] EDIT COOKRE/models/friends.py: 0
[2016-03-27 12:50:39] EDIT COOKRE/models/friends.py: 0
[2016-03-27 12:51:06] EDIT COOKRE/models/friends.py: 0
[2016-03-27 12:51:20] EDIT COOKRE/models/friends.py: 0
[2016-03-27 12:51:47] EDIT COOKRE/models/friends.py: 0
[2016-03-27 12:52:53] EDIT COOKRE/models/friends.py: 0
[2016-03-27 12:53:37] EDIT COOKRE/models/friends.py: 0
[2016-03-27 12:53:39] EDIT COOKRE/models/friends.py: 0
[2016-03-27 12:53:47] EDIT COOKRE/models/friends.py: 0
[2016-03-27 12:53:56] EDIT COOKRE/models/friends.py: 0
[2016-03-27 12:57:01] EDIT COOKRE/models/friends.py: 0
[2016-03-27 12:57:05] EDIT COOKRE/models/friends.py: 0
[2016-03-27 12:58:01] EDIT COOKRE/models/friends.py: 0
[2016-03-27 12:58:50] EDIT COOKRE/models/friends.py: 0
[2016-03-27 13:00:00] EDIT COOKRE/models/friends.py: 0
[2016-03-27 13:00:01] EDIT COOKRE/models/friends.py: 0
[2016-03-27 13:00:04] EDIT COOKRE/models/friends.py: 0
[2016-03-27 13:01:13] EDIT COOKRE/models/friends.py: 0
[2016-03-27 13:02:38] EDIT COOKRE/models/friends.py: 0
[2016-03-27 13:02:43] EDIT COOKRE/models/friends.py: 0
[2016-03-27 13:02:44] EDIT COOKRE/models/friends.py: 0
[2016-03-27 13:02:56] EDIT COOKRE/models/friends.py: 0
[2016-03-27 13:03:10] EDIT COOKRE/models/friends.py: 0
[2016-03-27 13:03:12] EDIT COOKRE/models/friends.py: 0
[2016-03-27 13:04:17] EDIT COOKRE/models/friends.py: 0
[2016-03-27 13:05:24] EDIT COOKRE/models/friends.py: 0
[2016-03-27 13:06:10] EDIT COOKRE/models/friends.py: 0
[2016-03-27 13:19:50] EDIT COOKRE/views/default/recipes.html: 0
[2016-03-27 13:20:34] EDIT COOKRE/controllers/default.py: 0
[2016-03-27 13:21:27] EDIT COOKRE/views/default/recipes.html: 0
[2016-03-27 13:22:01] EDIT COOKRE/views/default/recipes.html: 0
[2016-03-27 13:25:09] EDIT COOKRE/models/friends.py: 0
[2016-03-27 13:25:57] EDIT COOKRE/views/default/recipes.html: 0
[2016-03-27 13:26:13] EDIT COOKRE/views/default/recipes.html: 0
[2016-03-27 13:27:43] EDIT COOKRE/controllers/default.py: 0
[2016-03-27 13:27:45] EDIT COOKRE/controllers/default.py: 0
[2016-03-27 13:28:02] EDIT COOKRE/controllers/default.py: 0
[2016-03-27 13:28:14] EDIT COOKRE/controllers/default.py: 0
[2016-03-27 13:34:20] EDIT COOKRE/controllers/default.py: -4
[2016-03-27 13:36:32] EDIT COOKRE/controllers/default.py: 0
[2016-03-27 13:36:40] EDIT COOKRE/controllers/default.py: 0
[2016-03-27 13:37:35] EDIT COOKRE/controllers/default.py: 2
[2016-03-27 13:38:43] EDIT COOKRE/controllers/default.py: 2
[2016-03-27 13:38:58] EDIT COOKRE/controllers/default.py: -1
[2016-03-27 13:39:15] EDIT COOKRE/controllers/default.py: 1
[2016-03-27 13:40:47] EDIT COOKRE/controllers/default.py: 0
[2016-03-27 13:41:43] EDIT COOKRE/controllers/default.py: 0
[2016-03-27 13:45:41] EDIT COOKRE/views/default/recipes.html: 0
[2016-03-27 13:46:40] EDIT COOKRE/controllers/default.py: 1
[2016-03-27 13:46:47] EDIT COOKRE/controllers/default.py: 0
[2016-03-27 13:47:02] EDIT COOKRE/controllers/default.py: 0
[2016-03-27 13:47:24] EDIT COOKRE/controllers/default.py: 1
[2016-03-27 13:48:05] EDIT COOKRE/views/default/recipes.html: 0
[2016-03-27 13:48:41] EDIT COOKRE/controllers/default.py: -1
[2016-03-27 13:51:28] EDIT COOKRE/controllers/default.py: -2
[2016-03-27 13:51:47] EDIT COOKRE/controllers/default.py: 1
[2016-03-27 13:52:52] EDIT COOKRE/controllers/default.py: 0
[2016-03-27 14:19:02] EDIT COOKRE/controllers/default.py: 0
[2016-03-27 14:21:06] EDIT COOKRE/controllers/default.py: 0
[2016-03-27 14:23:02] EDIT COOKRE/controllers/default.py: 1
[2016-03-27 14:24:09] EDIT COOKRE/controllers/default.py: -1
[2016-03-27 14:25:51] EDIT COOKRE/controllers/default.py: 3
[2016-03-27 14:26:05] EDIT COOKRE/controllers/default.py: -1
[2016-03-27 14:26:07] EDIT COOKRE/controllers/default.py: 0
[2016-03-27 14:26:09] EDIT COOKRE/controllers/default.py: 0
[2016-03-27 14:26:37] EDIT COOKRE/controllers/default.py: 0
[2016-03-27 14:26:38] EDIT COOKRE/controllers/default.py: 0
[2016-03-27 14:26:39] EDIT COOKRE/controllers/default.py: 0
[2016-03-27 14:26:50] EDIT COOKRE/controllers/default.py: 1
[2016-03-27 14:26:56] EDIT COOKRE/controllers/default.py: 0
[2016-03-27 14:27:02] EDIT COOKRE/controllers/default.py: 0
[2016-03-27 14:27:02] EDIT COOKRE/controllers/default.py: 0
[2016-03-27 14:27:11] EDIT COOKRE/controllers/default.py: 0
[2016-03-27 14:27:26] EDIT COOKRE/controllers/default.py: 0
[2016-03-27 14:32:05] EDIT COOKRE/views/default/recipes.html: 0
[2016-03-27 14:51:47] EDIT COOKRE/views/default/recipes.html: 0
[2016-03-27 14:52:15] EDIT COOKRE/views/default/recipes.html: 0
[2016-03-27 14:52:25] EDIT COOKRE/views/default/recipes.html: 0
[2016-03-27 14:52:30] EDIT COOKRE/views/default/recipes.html: 0
[2016-03-27 14:53:08] EDIT COOKRE/views/default/recipes.html: 1
[2016-03-27 14:53:38] EDIT COOKRE/views/default/recipes.html: 0
[2016-03-27 14:54:04] EDIT COOKRE/views/default/recipes.html: 0
[2016-03-27 14:55:37] EDIT COOKRE/views/default/recipes.html: 0
[2016-03-27 14:56:04] EDIT COOKRE/views/default/recipes.html: 0
[2016-03-27 14:56:16] EDIT COOKRE/views/default/recipes.html: 0
[2016-03-27 14:56:55] EDIT COOKRE/views/default/recipes.html: -1
[2016-03-27 15:01:01] EDIT COOKRE/views/default/recipes.html: 0
[2016-03-27 15:02:20] EDIT COOKRE/views/default/recipes.html: 0
[2016-03-27 15:02:34] EDIT COOKRE/views/default/recipes.html: 0
[2016-03-27 15:03:14] EDIT COOKRE/views/default/recipes.html: 0
[2016-03-27 15:03:56] EDIT COOKRE/views/default/recipes.html: 0
[2016-03-27 15:04:33] EDIT COOKRE/views/default/recipes.html: 0
[2016-03-27 15:05:19] EDIT COOKRE/views/default/recipes.html: 0
[2016-03-27 15:09:31] EDIT COOKRE/views/default/recipes.html: 0
[2016-03-27 15:10:16] EDIT COOKRE/views/default/recipes.html: 0
[2016-03-27 15:10:41] EDIT COOKRE/views/default/recipes.html: 0
[2016-03-27 15:10:48] EDIT COOKRE/views/default/recipes.html: 0
[2016-03-27 15:11:40] EDIT COOKRE/views/default/recipes.html: 0
[2016-03-27 15:14:38] EDIT COOKRE/views/default/recipes.html: 0
[2016-03-27 15:16:32] EDIT COOKRE/views/default/recipes.html: 0
[2016-03-27 15:19:26] EDIT COOKRE/views/default/recipes.html: 0
[2016-03-27 15:19:29] EDIT COOKRE/views/default/recipes.html: 0
[2016-03-27 15:25:46] EDIT COOKRE/views/default/recipes.html: 0
[2016-03-27 15:26:12] EDIT COOKRE/views/default/recipes.html: 0
[2016-03-27 15:41:10] EDIT COOKRE/views/default/recipes.html: 0
[2016-03-27 15:42:20] EDIT COOKRE/views/default/recipes.html: 0
[2016-03-27 15:42:55] EDIT COOKRE/views/default/recipes.html: 0
[2016-03-27 15:43:04] EDIT COOKRE/views/default/recipes.html: 0
[2016-03-27 15:45:02] EDIT COOKRE/views/default/recipes.html: 0
[2016-03-27 15:45:17] EDIT COOKRE/views/default/recipes.html: 0
[2016-03-27 15:45:31] EDIT COOKRE/views/default/recipes.html: 0
[2016-03-27 15:48:49] EDIT COOKRE/views/default/recipes.html: 0
[2016-03-27 15:49:26] EDIT COOKRE/views/default/recipes.html: 0
[2016-03-27 15:49:57] EDIT COOKRE/views/default/recipes.html: 0
[2016-03-27 15:51:44] EDIT COOKRE/views/default/recipes.html: 0
[2016-03-27 15:55:10] EDIT COOKRE/views/default/recipes.html: 0
[2016-03-27 15:57:32] EDIT COOKRE/controllers/default.py: 0
[2016-03-27 15:58:09] EDIT COOKRE/controllers/default.py: 0
[2016-03-27 16:09:33] EDIT COOKRE/views/default/recipes.html: 0
[2016-03-27 16:10:11] EDIT COOKRE/views/default/recipes.html: 0
[2016-03-27 16:10:35] EDIT COOKRE/views/default/recipes.html: 0
[2016-03-27 16:11:05] EDIT COOKRE/views/default/recipes.html: 0
[2016-03-27 16:17:23] EDIT COOKRE/views/default/show.html: 79
[2016-03-27 16:23:35] EDIT COOKRE/views/default/show.html: 0
[2016-03-27 16:25:24] EDIT COOKRE/views/default/show.html: 0
[2016-03-27 16:28:31] CREATE main/show.css: 0
[2016-03-27 16:28:34] EDIT COOKRE/static/main/show.css: 95
[2016-03-27 16:28:51] EDIT COOKRE/views/default/show.html: -1
[2016-03-27 16:31:07] EDIT COOKRE/views/default/show.html: 1
[2016-03-27 16:31:26] EDIT COOKRE/views/default/show.html: 2
[2016-03-27 16:33:37] EDIT COOKRE/views/default/show.html: -1
[2016-03-27 16:33:45] EDIT COOKRE/views/default/show.html: -1
[2016-03-27 16:34:03] EDIT COOKRE/views/default/show.html: 2
[2016-03-27 16:34:18] EDIT COOKRE/views/default/show.html: 0
[2016-03-27 16:34:31] EDIT COOKRE/views/default/show.html: -1
[2016-03-27 16:34:53] EDIT COOKRE/views/default/show.html: 1
[2016-03-27 16:35:33] EDIT COOKRE/views/default/show.html: 2
[2016-03-27 16:35:59] EDIT COOKRE/views/default/show.html: 1
[2016-03-27 16:38:37] EDIT COOKRE/views/default/show.html: -84
[2016-03-27 16:39:43] EDIT COOKRE/views/default/show.html: 8
[2016-03-27 16:40:44] EDIT COOKRE/views/default/show.html: 1
[2016-03-27 16:41:00] EDIT COOKRE/static/main/show.css: 0
[2016-03-27 16:41:21] EDIT COOKRE/views/default/show.html: 14
[2016-03-27 16:42:38] EDIT COOKRE/views/default/show.html: 5
[2016-03-27 16:43:38] EDIT COOKRE/views/default/show.html: -3
[2016-03-27 16:44:30] EDIT COOKRE/views/default/show.html: 27
[2016-03-27 16:45:49] EDIT COOKRE/views/default/show.html: 0
[2016-03-27 16:46:36] EDIT COOKRE/views/default/show.html: 0
[2016-03-27 16:48:14] EDIT COOKRE/views/default/show.html: 3
[2016-03-27 16:49:12] EDIT COOKRE/views/default/show.html: 0
[2016-03-27 16:49:56] EDIT COOKRE/views/default/show.html: -6
[2016-03-27 16:50:53] EDIT COOKRE/views/default/show.html: 3
[2016-03-27 16:51:15] EDIT COOKRE/views/default/show.html: 0
[2016-03-27 16:52:05] EDIT COOKRE/views/default/show.html: 0
[2016-03-27 16:52:38] EDIT COOKRE/views/default/show.html: 0
[2016-03-27 16:52:47] EDIT COOKRE/views/default/show.html: 0
[2016-03-27 16:53:03] EDIT COOKRE/views/default/show.html: 0
[2016-03-27 16:54:10] EDIT COOKRE/views/default/show.html: 2
[2016-03-27 16:59:49] EDIT COOKRE/views/default/show.html: 8
[2016-03-27 17:10:26] EDIT COOKRE/views/default/show.html: 1
[2016-03-27 17:10:38] EDIT COOKRE/views/default/show.html: 0
[2016-03-27 17:10:52] EDIT COOKRE/views/default/show.html: -9
[2016-03-27 17:20:30] EDIT COOKRE/controllers/default.py: 1
[2016-03-27 17:20:42] EDIT COOKRE/controllers/default.py: 0
[2016-03-27 17:21:02] EDIT COOKRE/controllers/default.py: 0
[2016-03-27 17:24:02] EDIT COOKRE/views/default/show.html: 8
[2016-03-27 17:28:58] EDIT COOKRE/views/default/show.html: 2
[2016-03-27 17:29:28] EDIT COOKRE/views/default/show.html: 5
[2016-03-27 17:30:08] EDIT COOKRE/views/default/show.html: 0
[2016-03-27 17:30:18] EDIT COOKRE/views/default/show.html: 0
[2016-03-27 17:31:03] EDIT COOKRE/views/default/show.html: 0
[2016-03-27 17:31:14] EDIT COOKRE/views/default/show.html: 0
[2016-03-27 17:31:28] EDIT COOKRE/views/default/show.html: 0
[2016-03-27 17:36:30] CREATE main/recipes.css: 0
[2016-03-27 17:36:49] DELETE COOKRE/views/main/recipes.css: 0
[2016-03-27 17:37:28] CREATE css/main/recipies.css: 0
[2016-03-27 17:37:51] EDIT COOKRE/static/css/main/recipies.css: 30
[2016-03-27 17:39:28] EDIT COOKRE/static/css/main/recipies.css: 0
[2016-03-27 17:39:34] EDIT COOKRE/static/css/main/recipies.css: 1
[2016-03-27 17:40:09] EDIT COOKRE/views/default/recipes.html: 1
[2016-03-27 17:41:04] EDIT COOKRE/views/default/recipes.html: 0
[2016-03-27 17:41:41] EDIT COOKRE/views/default/recipes.html: 0
[2016-03-27 17:42:06] EDIT COOKRE/views/default/recipes.html: 0
[2016-03-27 17:42:18] EDIT COOKRE/views/default/recipes.html: 0
[2016-03-27 17:42:22] EDIT COOKRE/views/default/recipes.html: 0
[2016-03-27 17:43:48] EDIT COOKRE/static/css/main/recipies.css: -9
[2016-03-27 17:43:53] EDIT COOKRE/views/default/recipes.html: -24
[2016-03-27 17:59:02] EDIT COOKRE/views/default/user.html: 0
[2016-03-27 18:13:20] EDIT COOKRE/views/default/user.html: 0
[2016-03-27 18:37:22] EDIT COOKRE/models/db.py: 1
[2016-03-27 18:43:57] EDIT COOKRE/views/default/home.html: 0
[2016-03-27 19:05:03] EDIT COOKRE/models/menu.py: 0
[2016-03-27 19:05:31] EDIT COOKRE/models/menu.py: 0
[2016-03-27 19:06:29] EDIT COOKRE/models/menu.py: 0
[2016-03-27 19:16:43] EDIT COOKRE/models/menu.py: 0
[2016-03-27 19:18:47] EDIT COOKRE/controllers/default.py: 1
[2016-03-27 19:19:39] EDIT COOKRE/controllers/default.py: 0
[2016-03-27 19:19:47] EDIT COOKRE/controllers/default.py: 0
[2016-03-27 19:20:29] EDIT COOKRE/controllers/default.py: 0
[2016-03-27 19:20:44] EDIT COOKRE/controllers/default.py: 0
[2016-03-27 19:20:51] EDIT COOKRE/controllers/default.py: 0
[2016-03-27 19:20:56] EDIT COOKRE/controllers/default.py: 0
[2016-03-27 19:21:00] EDIT COOKRE/controllers/default.py: 0
[2016-03-27 19:21:38] EDIT COOKRE/controllers/default.py: 0
[2016-03-27 19:22:20] EDIT COOKRE/controllers/default.py: 0
[2016-03-27 19:24:51] EDIT COOKRE/views/default/recipes.html: 1
[2016-03-27 19:25:45] EDIT COOKRE/views/default/recipes.html: 0
[2016-03-27 19:26:55] EDIT COOKRE/views/default/recipes.html: 0
[2016-03-27 19:27:10] EDIT COOKRE/views/default/recipes.html: 0
[2016-03-27 19:27:32] EDIT COOKRE/views/default/recipes.html: -1
[2016-03-27 19:27:33] EDIT COOKRE/views/default/recipes.html: 0
[2016-03-27 19:29:17] EDIT COOKRE/controllers/default.py: 2
[2016-03-27 19:29:37] EDIT COOKRE/views/default/recipes.html: 1
[2016-03-27 19:30:29] EDIT COOKRE/controllers/default.py: 0
[2016-03-27 19:30:50] EDIT COOKRE/views/default/recipes.html: 0
[2016-03-27 19:33:02] EDIT COOKRE/controllers/default.py: 2
[2016-03-27 19:33:05] EDIT COOKRE/controllers/default.py: 0
[2016-03-27 19:34:52] EDIT COOKRE/views/default/recipes.html: 1
[2016-03-27 19:36:52] EDIT COOKRE/views/default/recipes.html: 0
[2016-03-27 19:43:44] EDIT COOKRE/controllers/default.py: 0
[2016-03-27 19:44:21] EDIT COOKRE/views/default/recipes.html: -1
[2016-03-27 19:48:02] EDIT COOKRE/controllers/default.py: 0
[2016-03-27 19:48:27] EDIT COOKRE/controllers/default.py: 0
[2016-03-27 19:48:29] EDIT COOKRE/controllers/default.py: 0
[2016-03-27 19:49:00] EDIT COOKRE/controllers/default.py: 0
[2016-03-27 19:49:03] EDIT COOKRE/controllers/default.py: 0
[2016-03-27 23:34:15] EDIT COOKRE/views/default/user.html: 0
[2016-03-27 23:40:59] EDIT COOKRE/views/default/user.html: 0
[2016-03-27 23:42:44] EDIT COOKRE/views/default/user.html: 0
[2016-03-27 23:44:01] EDIT COOKRE/views/default/user.html: 4
[2016-03-27 23:44:20] EDIT COOKRE/views/default/user.html: 0
[2016-03-27 23:44:45] EDIT COOKRE/views/default/user.html: 0
[2016-03-27 23:44:54] EDIT COOKRE/views/default/user.html: 0
[2016-03-27 23:45:02] EDIT COOKRE/views/default/user.html: 0
[2016-03-27 23:45:23] EDIT COOKRE/views/default/user.html: 1
[2016-03-27 23:45:31] EDIT COOKRE/views/default/user.html: 0
[2016-03-27 23:45:41] EDIT COOKRE/views/default/user.html: 0
[2016-03-27 23:46:00] EDIT COOKRE/views/default/user.html: 0
[2016-03-27 23:47:49] EDIT COOKRE/controllers/default.py: 0
[2016-03-27 23:48:07] EDIT COOKRE/controllers/default.py: 0
[2016-03-28 16:18:02] EDIT COOKRE/views/default/recipes.html: 4
[2016-03-28 16:18:26] EDIT COOKRE/views/default/recipes.html: 0
[2016-03-28 16:20:01] EDIT COOKRE/views/default/recipes.html: 0
[2016-03-28 16:20:16] EDIT COOKRE/views/default/recipes.html: 0
[2016-03-28 16:20:56] EDIT COOKRE/views/default/recipes.html: 0
[2016-03-28 16:21:24] EDIT COOKRE/views/default/recipes.html: 0
[2016-03-28 16:21:51] EDIT COOKRE/views/default/recipes.html: 0
[2016-03-28 16:27:08] EDIT COOKRE/views/default/recipes.html: 1
[2016-03-28 16:30:28] EDIT COOKRE/controllers/default.py: 0
[2016-03-28 16:36:22] EDIT COOKRE/views/default/recipes.html: 0
[2016-03-28 16:38:34] EDIT COOKRE/views/default/recipes.html: 0
[2016-03-28 16:42:39] EDIT COOKRE/controllers/default.py: 1
[2016-03-28 16:42:49] EDIT COOKRE/controllers/default.py: 0
[2016-03-28 16:42:50] EDIT COOKRE/controllers/default.py: 0
[2016-03-28 16:43:30] EDIT COOKRE/controllers/default.py: -1
[2016-03-28 16:45:53] EDIT COOKRE/views/default/recipes.html: 0
[2016-03-28 16:47:02] EDIT COOKRE/views/default/recipes.html: 0
[2016-03-28 16:47:50] EDIT COOKRE/views/default/recipes.html: -2
[2016-03-28 16:48:19] EDIT COOKRE/views/default/recipes.html: 2
[2016-03-28 16:49:42] EDIT COOKRE/views/default/recipes.html: 0
[2016-03-28 16:54:20] EDIT COOKRE/views/default/recipes.html: 0
[2016-03-28 17:00:56] EDIT COOKRE/views/default/recipes.html: 0
[2016-03-28 17:03:06] EDIT COOKRE/views/default/recipes.html: 0
[2016-03-28 17:03:59] EDIT COOKRE/views/default/recipes.html: 0
[2016-03-28 17:08:43] EDIT COOKRE/views/default/recipes.html: 0
[2016-03-28 17:10:14] EDIT COOKRE/views/default/recipes.html: 0
[2016-03-28 17:10:56] EDIT COOKRE/views/default/recipes.html: 0
[2016-03-28 17:11:57] EDIT COOKRE/views/default/recipes.html: 0
[2016-03-28 17:12:25] EDIT COOKRE/views/default/recipes.html: 0
[2016-03-28 17:30:23] EDIT COOKRE/views/default/recipes.html: 0
[2016-03-28 17:31:26] EDIT COOKRE/controllers/default.py: 1
[2016-03-28 17:31:43] EDIT COOKRE/controllers/default.py: -1
[2016-03-28 17:33:27] EDIT COOKRE/views/default/recipes.html: 0
[2016-03-28 17:33:30] EDIT COOKRE/views/default/recipes.html: 0
[2016-03-28 17:34:11] EDIT COOKRE/controllers/default.py: 1
[2016-03-28 17:34:27] EDIT COOKRE/controllers/default.py: -1
[2016-03-28 17:38:36] EDIT COOKRE/views/default/recipes.html: 0
[2016-03-28 17:38:53] EDIT COOKRE/views/default/recipes.html: 0
[2016-03-28 17:51:45] EDIT COOKRE/views/default/recipes.html: 0
[2016-03-28 17:52:13] EDIT COOKRE/controllers/default.py: 1
[2016-03-28 17:52:28] EDIT COOKRE/controllers/default.py: 0
[2016-03-28 18:15:09] EDIT COOKRE/views/default/recipes.html: 0
[2016-03-28 18:35:20] EDIT COOKRE/views/default/recipes.html: 0
[2016-03-28 18:36:58] EDIT COOKRE/views/default/recipes.html: 0
[2016-03-28 18:37:18] EDIT COOKRE/views/default/recipes.html: 0
[2016-03-28 19:20:28] EDIT COOKRE/views/default/recipes.html: 0
[2016-03-28 21:13:29] EDIT COOKRE/views/default/recipes.html: 0
[2016-03-28 21:13:47] EDIT COOKRE/views/default/recipes.html: 0
[2016-03-28 21:15:03] EDIT COOKRE/views/default/recipes.html: 0
[2016-03-28 21:15:35] EDIT COOKRE/views/default/recipes.html: 0
[2016-03-28 21:16:04] EDIT COOKRE/views/default/recipes.html: 0
[2016-03-28 21:17:27] EDIT COOKRE/views/default/recipes.html: 0
[2016-03-28 21:18:31] EDIT COOKRE/views/default/recipes.html: 0
[2016-03-28 21:19:27] EDIT COOKRE/views/default/recipes.html: 0
[2016-03-28 21:21:21] EDIT COOKRE/controllers/default.py: 0
[2016-03-28 21:22:04] EDIT COOKRE/controllers/default.py: 0
[2016-03-28 21:22:41] EDIT COOKRE/controllers/default.py: 0
[2016-03-28 21:29:58] EDIT COOKRE/views/default/recipes.html: 1
[2016-03-28 21:30:33] EDIT COOKRE/views/default/recipes.html: 0
[2016-03-28 21:31:52] EDIT COOKRE/views/default/recipes.html: 0
[2016-03-28 21:32:05] EDIT COOKRE/views/default/recipes.html: -3
[2016-03-28 21:32:35] EDIT COOKRE/views/default/recipes.html: 0
[2016-03-28 21:33:08] EDIT COOKRE/views/default/recipes.html: 0
[2016-03-28 21:34:21] EDIT COOKRE/views/default/recipes.html: 0
[2016-03-28 21:40:47] EDIT COOKRE/controllers/default.py: 0
[2016-03-28 22:10:42] EDIT COOKRE/views/default/show.html: 1
[2016-03-28 22:11:11] EDIT COOKRE/views/default/show.html: 1
[2016-03-28 22:11:42] EDIT COOKRE/views/default/show.html: 0
[2016-03-28 22:12:17] EDIT COOKRE/views/default/show.html: 0
[2016-03-28 22:13:17] EDIT COOKRE/views/default/show.html: 0
[2016-03-28 22:30:21] EDIT COOKRE/views/default/show.html: -2
[2016-03-28 22:32:51] EDIT COOKRE/static/main/show.css: -1
[2016-03-28 23:57:16] EDIT COOKRE/views/default/recipes.html: 0
[2016-03-29 00:00:48] EDIT COOKRE/views/default/index.html: 2
[2016-03-29 11:47:13] EDIT COOKRE/models/db.py: 1
[2016-03-29 11:47:31] EDIT COOKRE/models/db.py: 0
[2016-03-29 11:47:45] EDIT COOKRE/models/db.py: 0
[2016-03-29 11:53:08] EDIT COOKRE/models/db.py: 0
[2016-03-29 11:53:20] EDIT COOKRE/models/db.py: 0
[2016-03-29 11:53:39] EDIT COOKRE/models/db.py: 0
[2016-03-29 11:53:50] EDIT COOKRE/models/db.py: 0
[2016-03-29 11:54:05] EDIT COOKRE/models/db.py: 0
[2016-03-29 11:56:01] EDIT COOKRE/models/db.py: 0
[2016-03-29 11:56:15] EDIT COOKRE/models/db.py: 0
[2016-03-29 11:56:32] EDIT COOKRE/models/db.py: 0
[2016-03-29 12:01:40] EDIT COOKRE/views/default/home.html: 0
[2016-03-29 12:03:06] EDIT COOKRE/models/friends.py: 0
[2016-03-29 12:03:46] EDIT COOKRE/controllers/default.py: 0
[2016-03-29 12:05:19] EDIT COOKRE/controllers/default.py: 0
[2016-03-29 12:10:00] EDIT COOKRE/controllers/default.py: 1
[2016-03-29 12:11:20] EDIT COOKRE/controllers/default.py: 0
[2016-03-29 12:11:32] EDIT COOKRE/controllers/default.py: 0
[2016-03-29 12:13:57] EDIT COOKRE/controllers/default.py: 0
[2016-03-29 12:14:22] EDIT COOKRE/controllers/default.py: 2
[2016-03-29 12:14:25] EDIT COOKRE/controllers/default.py: 0
[2016-03-29 12:14:55] EDIT COOKRE/controllers/default.py: 0
[2016-03-29 12:15:00] EDIT COOKRE/controllers/default.py: 0
[2016-03-29 12:15:07] EDIT COOKRE/controllers/default.py: 0
[2016-03-29 12:19:48] EDIT COOKRE/views/default/wall.html: 0
[2016-03-29 12:25:46] EDIT COOKRE/views/default/wall.html: 1
[2016-03-29 12:25:51] EDIT COOKRE/views/default/wall.html: 0
[2016-03-29 12:26:20] EDIT COOKRE/views/default/wall.html: 0
[2016-03-29 12:29:12] EDIT COOKRE/views/default/wall.html: -1
[2016-03-29 12:30:08] EDIT COOKRE/views/default/wall.html: 0
[2016-03-29 12:30:34] EDIT COOKRE/views/default/wall.html: 0
[2016-03-29 12:37:43] EDIT COOKRE/controllers/default.py: 2
[2016-03-29 12:39:05] EDIT COOKRE/controllers/default.py: 1
[2016-03-29 12:39:12] EDIT COOKRE/controllers/default.py: -2
[2016-03-29 12:50:52] EDIT COOKRE/models/db.py: -1
[2016-03-29 12:54:48] EDIT COOKRE/models/friends.py: 0
[2016-03-29 12:59:33] EDIT COOKRE/models/friends.py: 0
[2016-03-29 13:55:06] EDIT COOKRE/models/friends.py: 0
[2016-03-29 13:56:07] EDIT COOKRE/models/friends.py: -1
[2016-03-29 13:56:32] EDIT COOKRE/controllers/default.py: 0
[2016-03-29 13:58:24] EDIT COOKRE/models/friends.py: 0
[2016-03-29 13:58:32] EDIT COOKRE/controllers/default.py: 0
[2016-03-29 13:59:31] EDIT COOKRE/models/friends.py: 0
[2016-03-29 14:00:05] EDIT COOKRE/models/friends.py: 0
[2016-03-29 14:01:29] EDIT COOKRE/controllers/default.py: 0
[2016-03-29 14:02:45] EDIT COOKRE/controllers/default.py: 0
[2016-03-29 14:02:51] EDIT COOKRE/controllers/default.py: -1
[2016-03-29 14:03:38] EDIT COOKRE/models/friends.py: 0
[2016-03-29 14:04:01] EDIT COOKRE/controllers/default.py: 0
[2016-03-29 14:05:28] EDIT COOKRE/controllers/default.py: 0
[2016-03-29 14:06:02] EDIT COOKRE/models/friends.py: 0
[2016-03-29 14:06:16] EDIT COOKRE/controllers/default.py: 0
[2016-03-29 14:06:29] EDIT COOKRE/controllers/default.py: 0
[2016-03-29 14:06:35] EDIT COOKRE/models/friends.py: 0
[2016-03-29 14:21:02] EDIT COOKRE/controllers/default.py: -7
[2016-03-29 14:21:03] EDIT COOKRE/controllers/default.py: 0
[2016-03-29 14:21:04] EDIT COOKRE/controllers/default.py: 0
[2016-03-29 14:21:22] EDIT COOKRE/controllers/default.py: 0
[2016-03-29 14:21:23] EDIT COOKRE/controllers/default.py: 0
[2016-03-29 14:21:29] EDIT COOKRE/controllers/default.py: 0
[2016-03-29 14:21:29] EDIT COOKRE/controllers/default.py: 0
[2016-03-29 14:21:30] EDIT COOKRE/controllers/default.py: 0
[2016-03-29 14:21:30] EDIT COOKRE/controllers/default.py: 0
[2016-03-29 14:21:31] EDIT COOKRE/controllers/default.py: 0
[2016-03-29 14:21:56] EDIT COOKRE/controllers/default.py: 0
[2016-03-29 14:21:57] EDIT COOKRE/controllers/default.py: 0
[2016-03-29 14:21:57] EDIT COOKRE/controllers/default.py: 0
[2016-03-29 14:21:58] EDIT COOKRE/controllers/default.py: 0
[2016-03-29 14:22:09] EDIT COOKRE/controllers/default.py: 0
[2016-03-29 14:22:10] EDIT COOKRE/controllers/default.py: 0
[2016-03-29 14:22:17] EDIT COOKRE/controllers/default.py: 0
[2016-03-29 14:22:18] EDIT COOKRE/controllers/default.py: 0
[2016-03-29 14:22:38] EDIT COOKRE/controllers/default.py: 0
[2016-03-29 14:22:40] EDIT COOKRE/controllers/default.py: 0
[2016-03-29 14:22:40] EDIT COOKRE/controllers/default.py: 0
[2016-03-29 14:23:26] EDIT COOKRE/controllers/default.py: 0
[2016-03-29 14:23:27] EDIT COOKRE/controllers/default.py: 0
[2016-03-29 14:23:42] EDIT COOKRE/controllers/default.py: 0
[2016-03-29 14:23:43] EDIT COOKRE/controllers/default.py: 0
[2016-03-29 14:23:47] EDIT COOKRE/controllers/default.py: 0
[2016-03-29 14:23:49] EDIT COOKRE/controllers/default.py: 0
[2016-03-29 14:23:49] EDIT COOKRE/controllers/default.py: 0
[2016-03-29 14:24:17] EDIT COOKRE/controllers/default.py: 0
[2016-03-29 14:27:41] EDIT COOKRE/controllers/default.py: 0
[2016-03-29 14:27:46] EDIT COOKRE/controllers/default.py: 0
[2016-03-29 14:27:52] EDIT COOKRE/controllers/default.py: -2
[2016-03-29 14:28:00] EDIT COOKRE/controllers/default.py: 0
[2016-03-29 14:29:35] EDIT COOKRE/controllers/default.py: 0
[2016-03-29 14:29:46] EDIT COOKRE/controllers/default.py: 0
[2016-03-29 14:32:26] EDIT COOKRE/controllers/default.py: 0
[2016-03-29 14:34:40] CREATE default/fsearch.html: 0
[2016-03-29 14:35:16] EDIT COOKRE/controllers/default.py: 0
[2016-03-29 14:35:37] EDIT COOKRE/views/default/fsearch.html: 33
[2016-03-29 14:36:15] EDIT COOKRE/views/default/fsearch.html: -3
[2016-03-29 14:36:41] EDIT COOKRE/views/default/fsearch.html: -1
[2016-03-29 14:37:43] EDIT COOKRE/controllers/default.py: 1
[2016-03-29 14:37:45] EDIT COOKRE/controllers/default.py: 0
[2016-03-29 14:38:08] EDIT COOKRE/controllers/default.py: 0
[2016-03-29 14:38:17] EDIT COOKRE/controllers/default.py: 0
[2016-03-29 14:38:29] EDIT COOKRE/controllers/default.py: 0
[2016-03-29 14:38:45] CREATE default/search.html: 0
[2016-03-29 14:38:49] EDIT COOKRE/views/default/search.html: -1
[2016-03-29 14:39:15] EDIT COOKRE/views/default/search.html: 4
[2016-03-29 14:39:28] EDIT COOKRE/views/default/search.html: 0
[2016-03-29 14:39:49] EDIT COOKRE/views/default/search.html: 1
[2016-03-29 14:40:02] EDIT COOKRE/views/default/search.html: -1
[2016-03-29 14:42:26] EDIT COOKRE/views/default/recipes.html: 0
[2016-03-29 14:42:38] EDIT COOKRE/views/default/recipes.html: 3
[2016-03-29 14:43:02] EDIT COOKRE/views/default/wall.html: 0
[2016-03-29 14:50:06] EDIT COOKRE/static/css/main/recipies.css: 1
[2016-03-29 14:50:19] EDIT COOKRE/static/css/main/recipies.css: 0
[2016-03-29 14:50:21] EDIT COOKRE/static/css/main/recipies.css: 0
[2016-03-29 14:51:34] EDIT COOKRE/static/css/main/recipies.css: 1
[2016-03-29 14:52:20] EDIT COOKRE/static/css/main/recipies.css: 0
[2016-03-29 14:52:36] EDIT COOKRE/static/css/main/recipies.css: 0
[2016-03-29 14:52:58] EDIT COOKRE/views/default/recipes.html: 2
[2016-03-29 14:53:00] EDIT COOKRE/views/default/recipes.html: 0
[2016-03-29 14:53:07] EDIT COOKRE/views/default/recipes.html: 0
[2016-03-29 14:53:20] EDIT COOKRE/views/default/recipes.html: 0
[2016-03-29 14:53:51] EDIT COOKRE/views/default/recipes.html: 1
[2016-03-29 14:54:09] EDIT COOKRE/views/default/recipes.html: 1
[2016-03-29 14:54:13] EDIT COOKRE/views/default/recipes.html: 0
[2016-03-29 14:54:53] EDIT COOKRE/views/default/recipes.html: 0
[2016-03-29 14:55:09] EDIT COOKRE/views/default/recipes.html: 0
[2016-03-29 14:55:28] EDIT COOKRE/views/default/recipes.html: 0
[2016-03-29 14:56:45] EDIT COOKRE/views/default/wall.html: 1
[2016-03-29 14:57:03] EDIT COOKRE/views/default/wall.html: -1
[2016-03-29 14:57:54] EDIT COOKRE/views/default/wall.html: 3
[2016-03-29 14:57:59] EDIT COOKRE/views/default/recipes.html: -4
[2016-03-29 14:58:33] EDIT COOKRE/static/css/main/recipies.css: -3
[2016-03-29 14:59:18] EDIT COOKRE/views/default/recipes.html: 22
[2016-03-29 15:00:15] EDIT COOKRE/views/default/wall.html: 0
[2016-03-29 15:00:24] EDIT COOKRE/views/default/wall.html: 0
[2016-03-29 15:00:35] EDIT COOKRE/views/default/wall.html: 0
[2016-03-29 15:00:48] EDIT COOKRE/views/default/wall.html: 0
[2016-03-29 15:00:58] EDIT COOKRE/views/default/wall.html: 0
[2016-03-29 15:01:14] EDIT COOKRE/views/default/wall.html: 0
[2016-03-29 15:07:03] EDIT COOKRE/views/default/home.html: 6
[2016-03-29 15:07:15] EDIT COOKRE/views/default/home.html: 0
[2016-03-29 15:07:43] EDIT COOKRE/views/default/home.html: 0
[2016-03-29 15:08:13] EDIT COOKRE/views/default/home.html: 0
[2016-03-29 15:13:06] EDIT COOKRE/views/default/home.html: 0
[2016-03-29 15:13:12] EDIT COOKRE/views/default/home.html: 0
[2016-03-29 15:13:27] EDIT COOKRE/views/default/home.html: 0
[2016-03-29 15:14:18] EDIT COOKRE/views/default/home.html: 1
[2016-03-29 15:14:27] EDIT COOKRE/views/default/home.html: 0
[2016-03-29 15:15:04] EDIT COOKRE/views/default/wall.html: -1
[2016-03-29 15:15:48] EDIT COOKRE/views/default/wall.html: 1
[2016-03-29 15:16:23] EDIT COOKRE/views/default/wall.html: 1
[2016-03-29 15:16:26] EDIT COOKRE/views/default/wall.html: 0
[2016-03-29 15:17:03] EDIT COOKRE/models/db.py: 1
[2016-03-29 15:18:48] EDIT COOKRE/models/db.py: 0
[2016-03-29 15:18:50] EDIT COOKRE/models/db.py: 0
[2016-03-29 15:18:56] EDIT COOKRE/models/db.py: -1
[2016-03-29 15:20:27] EDIT COOKRE/controllers/default.py: 0
[2016-03-29 15:23:51] EDIT COOKRE/static/main/show.css: 1
[2016-03-29 15:24:48] EDIT COOKRE/static/main/show.css: 0
[2016-03-29 15:25:14] EDIT COOKRE/static/main/show.css: 0
[2016-03-29 15:25:54] EDIT COOKRE/static/main/show.css: 0
[2016-03-29 15:26:17] EDIT COOKRE/static/main/show.css: 1
[2016-03-29 15:27:58] EDIT COOKRE/static/main/show.css: 1
[2016-03-29 15:29:35] EDIT COOKRE/static/main/show.css: -1
[2016-03-29 16:42:10] EDIT COOKRE/views/default/recipes.html: 0
[2016-03-29 16:48:20] EDIT COOKRE/views/default/recipes.html: 0
[2016-03-29 16:48:49] EDIT COOKRE/views/default/recipes.html: 0
[2016-03-29 16:53:16] EDIT COOKRE/views/default/wall.html: 0
[2016-03-29 16:53:26] EDIT COOKRE/views/default/wall.html: 0
[2016-03-29 16:54:24] EDIT COOKRE/views/default/show.html: 0
[2016-03-29 16:54:37] EDIT COOKRE/views/default/show.html: 0
[2016-03-29 16:54:48] EDIT COOKRE/views/default/show.html: 0
[2016-03-29 16:55:04] EDIT COOKRE/views/default/show.html: 0
[2016-03-29 16:56:29] EDIT COOKRE/views/default/show.html: 0
[2016-03-29 16:56:45] EDIT COOKRE/views/default/show.html: 0
[2016-03-29 16:57:45] EDIT COOKRE/views/default/show.html: 0
[2016-03-29 16:58:07] EDIT COOKRE/static/main/show.css: 4
[2016-03-29 16:59:20] EDIT COOKRE/static/main/show.css: -1
[2016-03-29 17:00:29] EDIT COOKRE/static/main/show.css: 0
[2016-03-29 17:00:46] EDIT COOKRE/views/default/show.html: 0
[2016-03-29 17:07:16] EDIT COOKRE/views/default/show.html: 0
[2016-03-29 17:10:58] EDIT COOKRE/views/default/show.html: 0
[2016-03-29 17:13:25] EDIT COOKRE/static/main/show.css: 0
[2016-03-29 17:15:14] EDIT COOKRE/views/default/show.html: 0
[2016-03-29 17:15:32] EDIT COOKRE/views/default/show.html: 0
[2016-03-29 17:15:47] EDIT COOKRE/views/default/show.html: 0
[2016-03-29 17:16:26] EDIT COOKRE/static/main/show.css: 1
[2016-03-29 17:18:31] EDIT COOKRE/static/main/show.css: 1
[2016-03-29 17:21:13] EDIT COOKRE/views/default/show.html: 1
[2016-03-29 17:21:23] EDIT COOKRE/views/default/show.html: 0
[2016-03-29 17:21:38] EDIT COOKRE/views/default/show.html: 0
[2016-03-29 17:22:55] EDIT COOKRE/static/main/show.css: 3
[2016-03-29 17:23:19] EDIT COOKRE/static/main/show.css: 0
[2016-03-29 17:26:37] EDIT COOKRE/views/default/show.html: 0
[2016-03-29 17:29:11] EDIT COOKRE/views/default/show.html: 0
[2016-03-29 17:29:49] EDIT COOKRE/static/main/show.css: 0
[2016-03-29 17:29:56] EDIT COOKRE/static/main/show.css: -1
[2016-03-29 17:32:14] EDIT COOKRE/views/default/wall.html: 0
[2016-03-29 17:34:44] EDIT COOKRE/models/menu.py: 0
[2016-03-29 17:39:38] EDIT COOKRE/static/css/web2py-bootstrap3.css: 1
[2016-03-29 17:40:00] EDIT COOKRE/static/css/web2py-bootstrap3.css: 0
[2016-03-29 17:40:54] EDIT COOKRE/static/css/web2py-bootstrap3.css: 0
[2016-03-29 17:41:19] EDIT COOKRE/static/css/web2py-bootstrap3.css: -1
[2016-03-29 17:42:02] EDIT COOKRE/static/css/web2py-bootstrap3.css: 0
[2016-03-29 17:43:00] EDIT COOKRE/views/default/index.html: 0
[2016-03-29 17:43:16] EDIT COOKRE/views/default/index.html: 0
[2016-03-29 17:43:46] EDIT COOKRE/views/default/index.html: 0
[2016-03-29 17:44:06] EDIT COOKRE/views/default/index.html: 0
[2016-03-29 17:54:48] EDIT COOKRE/models/menu.py: 1
[2016-03-29 17:55:14] EDIT COOKRE/models/menu.py: 0
[2016-03-29 17:55:16] EDIT COOKRE/models/menu.py: 0
[2016-03-29 17:55:16] EDIT COOKRE/models/menu.py: 0
[2016-03-29 17:55:24] EDIT COOKRE/models/menu.py: 0
[2016-03-29 17:55:37] EDIT COOKRE/models/menu.py: 0
[2016-03-29 17:55:38] EDIT COOKRE/models/menu.py: 0
[2016-03-29 17:55:40] EDIT COOKRE/models/menu.py: 0
[2016-03-29 17:55:40] EDIT COOKRE/models/menu.py: 0
[2016-03-29 17:55:51] EDIT COOKRE/models/menu.py: 0
[2016-03-29 17:55:53] EDIT COOKRE/models/menu.py: 0
[2016-03-29 17:56:08] EDIT COOKRE/models/menu.py: 0
[2016-03-29 17:56:09] EDIT COOKRE/models/menu.py: 0
[2016-03-29 17:56:21] EDIT COOKRE/models/menu.py: 0
[2016-03-29 17:56:22] EDIT COOKRE/models/menu.py: 0
[2016-03-29 17:56:31] EDIT COOKRE/models/menu.py: 0
[2016-03-29 17:56:31] EDIT COOKRE/models/menu.py: 0
[2016-03-29 17:56:32] EDIT COOKRE/models/menu.py: 0
[2016-03-29 17:56:33] EDIT COOKRE/models/menu.py: 0
[2016-03-29 17:56:34] EDIT COOKRE/models/menu.py: 0
[2016-03-29 17:56:35] EDIT COOKRE/models/menu.py: 0
[2016-03-29 17:56:37] EDIT COOKRE/models/menu.py: 0
[2016-03-29 17:56:37] EDIT COOKRE/models/menu.py: 0
[2016-03-29 17:56:38] EDIT COOKRE/models/menu.py: 0
[2016-03-29 17:56:55] EDIT COOKRE/models/menu.py: 0
[2016-03-29 17:56:55] EDIT COOKRE/models/menu.py: 0
[2016-03-29 17:57:22] EDIT COOKRE/models/menu.py: 0
[2016-03-29 17:57:22] EDIT COOKRE/models/menu.py: 0
[2016-03-29 17:57:47] EDIT COOKRE/models/menu.py: 0
[2016-03-29 17:57:48] EDIT COOKRE/models/menu.py: 0
[2016-03-29 17:57:50] EDIT COOKRE/models/menu.py: 0
[2016-03-29 17:57:53] EDIT COOKRE/models/menu.py: 0
[2016-03-29 17:58:00] EDIT COOKRE/models/menu.py: 0
[2016-03-29 18:00:14] EDIT COOKRE/models/menu.py: 0
[2016-03-29 18:00:34] EDIT COOKRE/models/menu.py: 0
[2016-03-29 18:00:35] EDIT COOKRE/models/menu.py: 0
[2016-03-29 18:00:52] EDIT COOKRE/models/menu.py: 0
[2016-03-29 18:00:54] EDIT COOKRE/models/menu.py: 0
[2016-03-29 18:00:54] EDIT COOKRE/models/menu.py: 0
[2016-03-29 18:01:33] EDIT COOKRE/models/menu.py: 0
[2016-03-29 18:01:34] EDIT COOKRE/models/menu.py: 0
[2016-03-29 18:01:44] EDIT COOKRE/models/menu.py: 0
[2016-03-29 18:01:47] EDIT COOKRE/models/menu.py: 0
[2016-03-29 18:03:23] EDIT COOKRE/models/menu.py: 0
[2016-03-29 18:03:36] EDIT COOKRE/models/menu.py: 0
[2016-03-29 18:03:37] EDIT COOKRE/models/menu.py: 0
[2016-03-29 18:03:59] EDIT COOKRE/models/menu.py: 0
[2016-03-29 18:04:16] EDIT COOKRE/models/menu.py: -1
[2016-03-29 18:05:47] EDIT COOKRE/views/default/index.html: 1
[2016-03-29 18:09:54] EDIT COOKRE/views/default/index.html: 0
[2016-03-29 18:11:43] EDIT COOKRE/views/default/index.html: 0
[2016-03-29 18:12:00] EDIT COOKRE/views/default/index.html: 0
[2016-03-29 18:13:35] EDIT COOKRE/views/default/index.html: 1
[2016-03-29 18:14:08] EDIT COOKRE/views/default/index.html: 0
[2016-03-29 18:14:14] EDIT COOKRE/views/default/index.html: 0
[2016-03-29 18:15:05] EDIT COOKRE/views/default/index.html: 0
[2016-03-29 18:15:24] EDIT COOKRE/views/default/index.html: 0
[2016-03-29 18:16:30] EDIT COOKRE/views/default/index.html: 2
[2016-03-29 18:20:39] EDIT COOKRE/views/default/index.html: 0
[2016-03-29 18:20:57] EDIT COOKRE/views/default/index.html: 0
[2016-03-29 18:21:17] EDIT COOKRE/views/default/index.html: 0
[2016-03-29 18:21:34] EDIT COOKRE/views/default/index.html: -2
[2016-03-29 18:21:54] EDIT COOKRE/views/default/index.html: 0
[2016-03-29 18:22:13] EDIT COOKRE/views/default/index.html: 2
[2016-03-29 18:22:15] EDIT COOKRE/views/default/index.html: 0
[2016-03-29 18:22:25] EDIT COOKRE/views/default/index.html: 0
[2016-03-29 18:22:43] EDIT COOKRE/views/default/index.html: 0
[2016-03-29 18:23:03] EDIT COOKRE/views/default/index.html: 0
[2016-03-29 18:23:35] EDIT COOKRE/views/default/index.html: 0
[2016-03-29 18:23:45] EDIT COOKRE/views/default/index.html: 0
[2016-03-29 18:24:48] EDIT COOKRE/views/default/index.html: 0
[2016-03-29 18:25:01] EDIT COOKRE/views/default/index.html: 0
[2016-03-29 18:25:50] EDIT COOKRE/views/default/index.html: 5
[2016-03-29 18:25:58] EDIT COOKRE/views/default/index.html: 0
[2016-03-29 18:26:14] EDIT COOKRE/views/default/index.html: 0
[2016-03-29 18:26:34] EDIT COOKRE/views/default/index.html: 3
[2016-03-29 18:26:38] EDIT COOKRE/views/default/index.html: -1
[2016-03-29 18:26:42] EDIT COOKRE/views/default/index.html: 0
[2016-03-29 18:27:07] EDIT COOKRE/views/default/index.html: 0
[2016-03-29 18:27:16] EDIT COOKRE/views/default/index.html: 0
[2016-03-29 18:27:23] EDIT COOKRE/views/default/index.html: 0
[2016-03-29 18:27:36] EDIT COOKRE/views/default/index.html: 0
[2016-03-29 18:31:11] EDIT COOKRE/views/default/recipes.html: 1
[2016-03-29 18:35:40] EDIT COOKRE/views/default/recipes.html: 0
[2016-03-29 18:35:51] EDIT COOKRE/views/default/recipes.html: 0
[2016-03-29 18:37:48] EDIT COOKRE/views/default/recipes.html: 0
[2016-03-29 18:38:10] EDIT COOKRE/views/default/recipes.html: 0
[2016-03-29 18:38:24] EDIT COOKRE/views/default/recipes.html: 0
[2016-03-29 18:38:37] EDIT COOKRE/views/default/recipes.html: 0
[2016-03-29 18:40:43] EDIT COOKRE/views/default/recipes.html: -1
[2016-03-29 18:44:52] EDIT COOKRE/views/default/search.html: 8
[2016-03-29 18:45:34] EDIT COOKRE/views/default/search.html: 0
[2016-03-29 18:50:06] EDIT COOKRE/views/default/search.html: 3
[2016-03-29 18:50:25] EDIT COOKRE/views/default/search.html: 0
[2016-03-29 18:50:38] EDIT COOKRE/views/default/search.html: 0
[2016-03-29 18:51:38] EDIT COOKRE/views/default/search.html: 1
[2016-03-29 18:51:47] EDIT COOKRE/views/default/search.html: 0
[2016-03-29 18:51:49] EDIT COOKRE/views/default/search.html: 0
[2016-03-29 18:52:00] EDIT COOKRE/views/default/search.html: 0
[2016-03-29 18:52:06] EDIT COOKRE/views/default/search.html: 0
[2016-03-29 18:52:19] EDIT COOKRE/views/default/search.html: 0
[2016-03-29 18:52:28] EDIT COOKRE/views/default/search.html: 0
[2016-03-29 18:53:07] EDIT COOKRE/views/default/search.html: 3
[2016-03-29 18:57:21] EDIT COOKRE/views/default/search.html: 0
[2016-03-29 19:01:36] CREATE default/manage.html: 0
[2016-03-29 19:02:29] EDIT COOKRE/views/default/manage.html: 1
[2016-03-29 19:03:47] EDIT COOKRE/views/default/manage.html: -1
[2016-03-29 19:20:38] EDIT COOKRE/models/friends.py: 0
[2016-03-29 19:20:47] EDIT COOKRE/models/friends.py: 0
[2016-03-29 19:20:57] EDIT COOKRE/controllers/default.py: 0
[2016-03-29 19:29:54] EDIT COOKRE/controllers/default.py: 0
[2016-03-29 19:37:44] EDIT COOKRE/models/db.py: 0
[2016-03-29 19:44:06] EDIT COOKRE/controllers/default.py: 2
[2016-03-29 19:44:30] EDIT COOKRE/controllers/default.py: 0
[2016-03-29 19:51:02] EDIT COOKRE/controllers/default.py: 0
[2016-03-29 19:51:13] EDIT COOKRE/controllers/default.py: 0
[2016-03-29 19:51:47] EDIT COOKRE/controllers/default.py: -2
[2016-03-29 20:02:50] EDIT COOKRE/controllers/default.py: 0
[2016-03-29 20:10:02] EDIT COOKRE/controllers/default.py: 0
[2016-03-29 20:15:14] EDIT COOKRE/controllers/default.py: 0
[2016-03-29 20:16:16] EDIT COOKRE/controllers/default.py: 1
[2016-03-29 20:16:28] EDIT COOKRE/controllers/default.py: 0
[2016-03-29 20:17:08] EDIT COOKRE/controllers/default.py: 0
[2016-03-29 20:17:25] EDIT COOKRE/controllers/default.py: 0
[2016-03-29 20:18:48] EDIT COOKRE/controllers/default.py: 0
[2016-03-29 20:20:16] EDIT COOKRE/controllers/default.py: 0
[2016-03-29 20:20:18] EDIT COOKRE/controllers/default.py: 0
[2016-03-29 20:21:08] EDIT COOKRE/controllers/default.py: 0
[2016-03-29 20:24:24] EDIT COOKRE/controllers/default.py: 0
[2016-03-29 20:24:37] EDIT COOKRE/controllers/default.py: 0
[2016-03-29 21:07:19] EDIT COOKRE/models/menu.py: 0
[2016-03-29 21:07:43] EDIT COOKRE/models/menu.py: 0
[2016-03-29 21:11:31] EDIT COOKRE/views/layout.html: 1
[2016-03-29 21:12:36] EDIT COOKRE/views/layout.html: 0
[2016-03-29 21:13:18] EDIT COOKRE/views/layout.html: 0
[2016-03-29 21:13:39] EDIT COOKRE/views/layout.html: 0
[2016-03-29 21:13:52] EDIT COOKRE/views/layout.html: 0
[2016-03-29 21:14:03] EDIT COOKRE/views/layout.html: 0
[2016-03-29 21:14:14] EDIT COOKRE/views/layout.html: 0
[2016-03-29 21:14:30] EDIT COOKRE/views/layout.html: 0
[2016-03-29 21:14:57] EDIT COOKRE/views/layout.html: 0
[2016-03-29 21:24:28] EDIT COOKRE/controllers/default.py: 1
[2016-03-29 21:24:41] EDIT COOKRE/controllers/default.py: 1
[2016-03-29 21:33:19] EDIT COOKRE/controllers/default.py: 0
[2016-03-29 21:34:14] EDIT COOKRE/controllers/default.py: 0
[2016-03-29 21:34:20] EDIT COOKRE/controllers/default.py: 0
[2016-03-29 21:34:22] EDIT COOKRE/controllers/default.py: 0
[2016-03-29 21:45:50] EDIT COOKRE/views/default/home.html: 0
[2016-03-29 21:47:04] EDIT COOKRE/views/default/home.html: -7
[2016-03-29 23:02:47] EDIT COOKREY/models/db.py: 0
[2016-03-29 23:07:27] EDIT COOKREY/controllers/default.py: 0
[2016-03-30 08:44:56] EDIT COOKREY/models/db.py: 0
[2016-03-30 08:51:59] EDIT COOKREY/views/default/show.html: 2
[2016-03-30 08:54:03] EDIT COOKREY/views/default/show.html: 0
[2016-03-30 10:00:05] EDIT COOKREY/models/db.py: 0
[2016-03-30 10:03:29] EDIT COOKREY/controllers/default.py: 1
[2016-03-30 10:04:16] EDIT COOKREY/controllers/default.py: 0
[2016-03-30 10:04:27] EDIT COOKREY/controllers/default.py: -1
[2016-03-30 10:04:37] EDIT COOKREY/controllers/default.py: 1
[2016-03-30 10:04:41] EDIT COOKREY/controllers/default.py: 0
[2016-03-30 10:05:37] EDIT COOKREY/controllers/default.py: -1
[2016-03-30 10:06:15] EDIT COOKREY/controllers/default.py: 1
[2016-03-30 10:06:22] EDIT COOKREY/controllers/default.py: 0
[2016-03-30 10:07:38] EDIT COOKREY/controllers/default.py: -1
[2016-03-30 10:08:32] EDIT COOKREY/models/db.py: 1
[2016-03-30 10:09:00] EDIT COOKREY/models/db.py: 0
[2016-03-30 10:09:36] EDIT COOKREY/models/db.py: 0
[2016-03-30 10:32:18] EDIT COOKREY/views/default/recipes.html: 2
[2016-03-30 10:33:13] EDIT COOKREY/views/default/recipes.html: 2
[2016-03-30 10:33:48] EDIT COOKREY/views/default/recipes.html: 0
[2016-03-30 10:34:42] EDIT COOKREY/views/default/recipes.html: 1
[2016-03-30 10:34:53] EDIT COOKREY/views/default/recipes.html: 0
[2016-03-30 10:35:30] EDIT COOKREY/views/default/recipes.html: 0
[2016-03-30 10:36:07] EDIT COOKREY/views/default/recipes.html: 0
[2016-03-30 10:36:26] EDIT COOKREY/views/default/recipes.html: 0
[2016-03-30 10:36:52] EDIT COOKREY/views/default/recipes.html: 0
[2016-03-30 10:36:59] EDIT COOKREY/views/default/recipes.html: 0
[2016-03-30 10:37:30] EDIT COOKREY/views/default/recipes.html: 0
[2016-03-30 10:37:54] EDIT COOKREY/views/default/recipes.html: 0
[2016-03-30 10:38:06] EDIT COOKREY/views/default/recipes.html: 0
[2016-03-30 10:38:30] EDIT COOKREY/views/default/recipes.html: 2
[2016-03-30 10:38:42] EDIT COOKREY/views/default/recipes.html: 0
[2016-03-30 10:38:57] EDIT COOKREY/views/default/recipes.html: -2
[2016-03-30 10:39:07] EDIT COOKREY/views/default/recipes.html: -1
[2016-04-19 00:46:33] EDIT COOKREY/controllers/default.py: -1
[2016-04-19 00:59:08] EDIT COOKREY/controllers/default.py: 1
[2016-04-30 11:40:12] EDIT COOKREY/controllers/default.py: 0
[2016-04-30 11:40:20] EDIT COOKREY/controllers/default.py: 0
[2016-04-30 11:46:53] EDIT COOKREY/controllers/default.py: 1
[2016-04-30 11:48:44] EDIT COOKREY/controllers/default.py: 0
[2016-05-30 21:11:13] EDIT COOKREY/controllers/default.py: -1
